0 verbose cli [
0 verbose cli   'C:\\Program Files\\nodejs\\node.exe',
0 verbose cli   'C:\\Users\\user\\AppData\\Roaming\\npm\\node_modules\\npm\\bin\\npm-cli.js',
0 verbose cli   'install',
0 verbose cli   '--save',
0 verbose cli   'styled-components'
0 verbose cli ]
1 info using npm@8.5.5
2 info using node@v14.15.0
3 timing npm:load:whichnode Completed in 0ms
4 timing config:load:defaults Completed in 2ms
5 timing config:load:file:C:\Users\user\AppData\Roaming\npm\node_modules\npm\npmrc Completed in 8ms
6 timing config:load:builtin Completed in 8ms
7 timing config:load:cli Completed in 2ms
8 timing config:load:env Completed in 1ms
9 timing config:load:file:C:\Users\user\Desktop\state\setstate\.npmrc Completed in 0ms
10 timing config:load:project Completed in 3ms
11 timing config:load:file:C:\Users\user\.npmrc Completed in 1ms
12 timing config:load:user Completed in 1ms
13 timing config:load:file:C:\Users\user\AppData\Roaming\npm\etc\npmrc Completed in 0ms
14 timing config:load:global Completed in 0ms
15 timing config:load:validate Completed in 1ms
16 timing config:load:credentials Completed in 0ms
17 timing config:load:setEnvs Completed in 1ms
18 timing config:load Completed in 19ms
19 timing npm:load:configload Completed in 19ms
20 timing npm:load:setTitle Completed in 0ms
21 timing config:load:flatten Completed in 4ms
22 timing npm:load:display Completed in 6ms
23 verbose logfile C:\Users\user\Desktop\state\setstate\_logs\2022-03-25T01_06_04_365Z-debug-0.log
24 timing npm:load:logFile Completed in 11ms
25 timing npm:load:timers Completed in 1ms
26 timing npm:load:configScope Completed in 0ms
27 timing npm:load Completed in 39ms
28 timing arborist:ctor Completed in 0ms
29 timing idealTree:init Completed in 174ms
30 timing idealTree:userRequests Completed in 2ms
31 silly idealTree buildDeps
32 silly fetch manifest styled-components@*
33 timing arborist:ctor Completed in 0ms
34 http fetch GET 200 https://registry.npmjs.org/styled-components 1395ms (cache miss)
35 silly fetch manifest react@17.0.2
36 http fetch GET 200 https://registry.npmjs.org/react 251ms (cache miss)
37 silly fetch manifest react-dom@17.0.2
38 http fetch GET 200 https://registry.npmjs.org/react-dom 226ms (cache miss)
39 silly fetch manifest react-is@>= 16.8.0
40 http fetch GET 200 https://registry.npmjs.org/react-is 191ms (cache miss)
41 silly placeDep ROOT styled-components@5.3.5 OK for: setstate@0.1.0 want: *
42 silly fetch manifest @babel/helper-module-imports@^7.0.0
43 silly fetch manifest @babel/traverse@^7.4.5
44 silly fetch manifest @emotion/is-prop-valid@^1.1.0
45 silly fetch manifest @emotion/stylis@^0.8.4
46 silly fetch manifest @emotion/unitless@^0.7.4
47 silly fetch manifest babel-plugin-styled-components@>= 1.12.0
48 silly fetch manifest css-to-react-native@^3.0.0
49 silly fetch manifest hoist-non-react-statics@^3.0.0
50 silly fetch manifest shallowequal@^1.1.0
51 silly fetch manifest supports-color@^5.5.0
52 http fetch GET 200 https://registry.npmjs.org/@babel%2fhelper-module-imports 112ms (cache miss)
53 http fetch GET 200 https://registry.npmjs.org/supports-color 392ms (cache miss)
54 http fetch GET 200 https://registry.npmjs.org/shallowequal 395ms (cache miss)
55 http fetch GET 200 https://registry.npmjs.org/hoist-non-react-statics 396ms (cache miss)
56 http fetch GET 200 https://registry.npmjs.org/@babel%2ftraverse 426ms (cache miss)
57 http fetch GET 200 https://registry.npmjs.org/@emotion%2funitless 432ms (cache miss)
58 http fetch GET 200 https://registry.npmjs.org/@emotion%2fstylis 434ms (cache miss)
59 http fetch GET 200 https://registry.npmjs.org/css-to-react-native 683ms (cache miss)
60 http fetch GET 200 https://registry.npmjs.org/babel-plugin-styled-components 708ms (cache miss)
61 http fetch GET 200 https://registry.npmjs.org/@emotion%2fis-prop-valid 899ms (cache miss)
62 timing idealTree:#root Completed in 3019ms
63 silly fetch manifest styled-components@>= 2
64 silly fetch manifest react@>= 16.8.0
65 silly fetch manifest react-dom@>= 16.8.0
66 silly placeDep ROOT @babel/helper-module-imports@7.16.7 OK for: styled-components@5.3.5 want: ^7.0.0
67 silly placeDep ROOT @babel/traverse@7.17.3 OK for: styled-components@5.3.5 want: ^7.4.5
68 silly placeDep ROOT @emotion/is-prop-valid@1.1.2 OK for: styled-components@5.3.5 want: ^1.1.0
69 silly placeDep ROOT @emotion/stylis@0.8.5 OK for: styled-components@5.3.5 want: ^0.8.4
70 silly placeDep ROOT @emotion/unitless@0.7.5 OK for: styled-components@5.3.5 want: ^0.7.4
71 silly placeDep ROOT babel-plugin-styled-components@2.0.6 OK for: styled-components@5.3.5 want: >= 1.12.0
72 silly placeDep ROOT css-to-react-native@3.0.0 OK for: styled-components@5.3.5 want: ^3.0.0
73 silly placeDep ROOT hoist-non-react-statics@3.3.2 OK for: styled-components@5.3.5 want: ^3.0.0
74 silly placeDep ROOT shallowequal@1.1.0 OK for: styled-components@5.3.5 want: ^1.1.0
75 silly placeDep node_modules/styled-components supports-color@5.5.0 OK for: styled-components@5.3.5 want: ^5.5.0
76 silly fetch manifest @babel/types@^7.16.7
77 silly fetch manifest @babel/code-frame@^7.16.7
78 silly fetch manifest @babel/generator@^7.17.3
79 silly fetch manifest @babel/helper-environment-visitor@^7.16.7
80 silly fetch manifest @babel/helper-function-name@^7.16.7
81 silly fetch manifest @babel/helper-hoist-variables@^7.16.7
82 silly fetch manifest @babel/helper-split-export-declaration@^7.16.7
83 silly fetch manifest @babel/parser@^7.17.3
84 silly fetch manifest @babel/types@^7.17.0
85 silly fetch manifest globals@^11.1.0
86 silly fetch manifest @emotion/memoize@^0.7.4
87 silly fetch manifest @babel/helper-annotate-as-pure@^7.16.0
88 silly fetch manifest babel-plugin-syntax-jsx@^6.18.0
89 silly fetch manifest lodash@^4.17.11
90 silly fetch manifest camelize@^1.0.0
91 silly fetch manifest css-color-keywords@^1.0.0
92 silly fetch manifest postcss-value-parser@^4.0.2
93 silly fetch manifest has-flag@^3.0.0
94 http fetch GET 200 https://registry.npmjs.org/@babel%2fhelper-hoist-variables 114ms (cache miss)
95 http fetch GET 200 https://registry.npmjs.org/@babel%2fhelper-environment-visitor 141ms (cache miss)
96 http fetch GET 200 https://registry.npmjs.org/@babel%2fhelper-split-export-declaration 148ms (cache miss)
97 http fetch GET 200 https://registry.npmjs.org/@babel%2ftypes 155ms (cache miss)
98 http fetch GET 200 https://registry.npmjs.org/@babel%2fhelper-function-name 164ms (cache miss)
99 http fetch GET 200 https://registry.npmjs.org/globals 175ms (cache miss)
100 http fetch GET 200 https://registry.npmjs.org/@babel%2fgenerator 193ms (cache miss)
101 http fetch GET 200 https://registry.npmjs.org/postcss-value-parser 187ms (cache miss)
102 http fetch GET 200 https://registry.npmjs.org/has-flag 190ms (cache miss)
103 http fetch GET 200 https://registry.npmjs.org/@babel%2fparser 208ms (cache miss)
104 http fetch GET 200 https://registry.npmjs.org/lodash 368ms (cache miss)
105 http fetch GET 200 https://registry.npmjs.org/camelize 374ms (cache miss)
106 http fetch GET 200 https://registry.npmjs.org/babel-plugin-syntax-jsx 382ms (cache miss)
107 http fetch GET 200 https://registry.npmjs.org/css-color-keywords 384ms (cache miss)
108 http fetch GET 200 https://registry.npmjs.org/@babel%2fhelper-annotate-as-pure 390ms (cache miss)
109 http fetch GET 200 https://registry.npmjs.org/@emotion%2fmemoize 393ms (cache miss)
110 http fetch GET 200 https://registry.npmjs.org/@babel%2fcode-frame 877ms (cache miss)
111 timing idealTree:node_modules/styled-components Completed in 905ms
112 silly placeDep ROOT @babel/types@7.17.0 OK for: @babel/helper-module-imports@7.16.7 want: ^7.16.7
113 silly fetch manifest @babel/helper-validator-identifier@^7.16.7
114 silly fetch manifest to-fast-properties@^2.0.0
115 http fetch GET 200 https://registry.npmjs.org/@babel%2fhelper-validator-identifier 93ms (cache miss)
116 http fetch GET 200 https://registry.npmjs.org/to-fast-properties 104ms (cache miss)
117 timing idealTree:node_modules/@babel/helper-module-imports Completed in 110ms
118 silly placeDep ROOT @babel/code-frame@7.16.7 OK for: @babel/traverse@7.17.3 want: ^7.16.7
119 silly placeDep ROOT @babel/generator@7.17.7 OK for: @babel/traverse@7.17.3 want: ^7.17.3
120 silly placeDep ROOT @babel/helper-environment-visitor@7.16.7 OK for: @babel/traverse@7.17.3 want: ^7.16.7
121 silly placeDep ROOT @babel/helper-function-name@7.16.7 OK for: @babel/traverse@7.17.3 want: ^7.16.7
122 silly placeDep ROOT @babel/helper-hoist-variables@7.16.7 OK for: @babel/traverse@7.17.3 want: ^7.16.7
123 silly placeDep ROOT @babel/helper-split-export-declaration@7.16.7 OK for: @babel/traverse@7.17.3 want: ^7.16.7
124 silly placeDep ROOT @babel/parser@7.17.8 OK for: @babel/traverse@7.17.3 want: ^7.17.3
125 silly placeDep node_modules/@babel/traverse globals@11.12.0 OK for: @babel/traverse@7.17.3 want: ^11.1.0
126 silly fetch manifest @babel/highlight@^7.16.7
127 silly fetch manifest jsesc@^2.5.1
128 silly fetch manifest source-map@^0.5.0
129 silly fetch manifest @babel/helper-get-function-arity@^7.16.7
130 silly fetch manifest @babel/template@^7.16.7
131 http fetch GET 200 https://registry.npmjs.org/@babel%2fhighlight 128ms (cache miss)
132 http fetch GET 200 https://registry.npmjs.org/source-map 128ms (cache miss)
133 http fetch GET 200 https://registry.npmjs.org/@babel%2ftemplate 130ms (cache miss)
134 http fetch GET 200 https://registry.npmjs.org/jsesc 470ms (cache miss)
135 http fetch GET 200 https://registry.npmjs.org/@babel%2fhelper-get-function-arity 852ms (cache miss)
136 timing idealTree:node_modules/@babel/traverse Completed in 867ms
137 silly placeDep ROOT @babel/highlight@7.16.10 OK for: @babel/code-frame@7.16.7 want: ^7.16.7
138 silly fetch manifest chalk@^2.0.0
139 http fetch GET 200 https://registry.npmjs.org/chalk 193ms (cache miss)
140 timing idealTree:node_modules/@babel/code-frame Completed in 201ms
141 silly placeDep ROOT jsesc@2.5.2 OK for: @babel/generator@7.17.7 want: ^2.5.1
142 silly placeDep ROOT source-map@0.5.7 OK for: @babel/generator@7.17.7 want: ^0.5.0
143 timing idealTree:node_modules/@babel/generator Completed in 2ms
144 timing idealTree:node_modules/@babel/helper-environment-visitor Completed in 0ms
145 silly placeDep ROOT @babel/helper-get-function-arity@7.16.7 OK for: @babel/helper-function-name@7.16.7 want: ^7.16.7
146 silly placeDep ROOT @babel/template@7.16.7 OK for: @babel/helper-function-name@7.16.7 want: ^7.16.7
147 timing idealTree:node_modules/@babel/helper-function-name Completed in 3ms
148 timing idealTree:node_modules/@babel/helper-get-function-arity Completed in 0ms
149 timing idealTree:node_modules/@babel/helper-hoist-variables Completed in 0ms
150 timing idealTree:node_modules/@babel/helper-split-export-declaration Completed in 0ms
151 silly placeDep ROOT @babel/helper-validator-identifier@7.16.7 OK for: @babel/highlight@7.16.10 want: ^7.16.7
152 silly placeDep node_modules/@babel/highlight chalk@2.4.2 OK for: @babel/highlight@7.16.10 want: ^2.0.0
153 silly fetch manifest ansi-styles@^3.2.1
154 silly fetch manifest escape-string-regexp@^1.0.5
155 silly fetch manifest supports-color@^5.3.0
156 http fetch GET 200 https://registry.npmjs.org/ansi-styles 95ms (cache miss)
157 http fetch GET 200 https://registry.npmjs.org/escape-string-regexp 107ms (cache miss)
158 timing idealTree:node_modules/@babel/highlight Completed in 115ms
159 timing idealTree:node_modules/@babel/helper-validator-identifier Completed in 0ms
160 timing idealTree:node_modules/@babel/parser Completed in 0ms
161 timing idealTree:node_modules/@babel/template Completed in 0ms
162 silly placeDep ROOT to-fast-properties@2.0.0 OK for: @babel/types@7.17.0 want: ^2.0.0
163 timing idealTree:node_modules/@babel/types Completed in 1ms
164 silly placeDep ROOT @emotion/memoize@0.7.5 OK for: @emotion/is-prop-valid@1.1.2 want: ^0.7.4
165 timing idealTree:node_modules/@emotion/is-prop-valid Completed in 0ms
166 timing idealTree:node_modules/@emotion/memoize Completed in 0ms
167 timing idealTree:node_modules/@emotion/stylis Completed in 0ms
168 timing idealTree:node_modules/@emotion/unitless Completed in 0ms
169 silly placeDep ROOT @babel/helper-annotate-as-pure@7.16.7 OK for: babel-plugin-styled-components@2.0.6 want: ^7.16.0
170 silly placeDep ROOT babel-plugin-syntax-jsx@6.18.0 OK for: babel-plugin-styled-components@2.0.6 want: ^6.18.0
171 silly placeDep ROOT lodash@4.17.21 OK for: babel-plugin-styled-components@2.0.6 want: ^4.17.11
172 timing idealTree:node_modules/babel-plugin-styled-components Completed in 3ms
173 timing idealTree:node_modules/@babel/helper-annotate-as-pure Completed in 0ms
174 timing idealTree:node_modules/babel-plugin-syntax-jsx Completed in 0ms
175 silly placeDep ROOT camelize@1.0.0 OK for: css-to-react-native@3.0.0 want: ^1.0.0
176 silly placeDep ROOT css-color-keywords@1.0.0 OK for: css-to-react-native@3.0.0 want: ^1.0.0
177 silly placeDep ROOT postcss-value-parser@4.2.0 OK for: css-to-react-native@3.0.0 want: ^4.0.2
178 timing idealTree:node_modules/css-to-react-native Completed in 3ms
179 timing idealTree:node_modules/camelize Completed in 0ms
180 timing idealTree:node_modules/css-color-keywords Completed in 0ms
181 timing idealTree:node_modules/hoist-non-react-statics Completed in 0ms
182 timing idealTree:node_modules/jsesc Completed in 0ms
183 timing idealTree:node_modules/lodash Completed in 0ms
184 timing idealTree:node_modules/postcss-value-parser Completed in 0ms
185 timing idealTree:node_modules/shallowequal Completed in 0ms
186 timing idealTree:node_modules/source-map Completed in 0ms
187 timing idealTree:node_modules/to-fast-properties Completed in 0ms
188 silly placeDep node_modules/@babel/highlight ansi-styles@3.2.1 OK for: chalk@2.4.2 want: ^3.2.1
189 silly placeDep node_modules/@babel/highlight escape-string-regexp@1.0.5 OK for: chalk@2.4.2 want: ^1.0.5
190 silly placeDep node_modules/@babel/highlight supports-color@5.5.0 OK for: chalk@2.4.2 want: ^5.3.0
191 silly fetch manifest color-convert@^1.9.0
192 http fetch GET 200 https://registry.npmjs.org/color-convert 139ms (cache miss)
193 timing idealTree:node_modules/@babel/highlight/node_modules/chalk Completed in 150ms
194 silly placeDep node_modules/@babel/highlight color-convert@1.9.3 OK for: ansi-styles@3.2.1 want: ^1.9.0
195 silly fetch manifest color-name@1.1.3
196 http fetch GET 200 https://registry.npmjs.org/color-name 83ms (cache miss)
197 timing idealTree:node_modules/@babel/highlight/node_modules/ansi-styles Completed in 90ms
198 silly placeDep node_modules/@babel/highlight color-name@1.1.3 OK for: color-convert@1.9.3 want: 1.1.3
199 timing idealTree:node_modules/@babel/highlight/node_modules/color-convert Completed in 3ms
200 timing idealTree:node_modules/@babel/highlight/node_modules/color-name Completed in 0ms
201 timing idealTree:node_modules/@babel/highlight/node_modules/escape-string-regexp Completed in 0ms
202 silly placeDep node_modules/@babel/highlight has-flag@3.0.0 OK for: supports-color@5.5.0 want: ^3.0.0
203 timing idealTree:node_modules/@babel/highlight/node_modules/supports-color Completed in 2ms
204 timing idealTree:node_modules/@babel/highlight/node_modules/has-flag Completed in 0ms
205 timing idealTree:node_modules/@babel/traverse/node_modules/globals Completed in 0ms
206 silly placeDep node_modules/styled-components has-flag@3.0.0 OK for: supports-color@5.5.0 want: ^3.0.0
207 timing idealTree:node_modules/styled-components/node_modules/supports-color Completed in 2ms
208 timing idealTree:node_modules/styled-components/node_modules/has-flag Completed in 0ms
209 timing idealTree:buildDeps Completed in 5485ms
210 timing idealTree:fixDepFlags Completed in 4ms
211 warn EBADENGINE Unsupported engine {
211 warn EBADENGINE   package: '@eslint/eslintrc@1.2.1',
211 warn EBADENGINE   required: { node: '^12.22.0 || ^14.17.0 || >=16.0.0' },
211 warn EBADENGINE   current: { node: 'v14.15.0', npm: '8.5.5' }
211 warn EBADENGINE }
212 warn EBADENGINE Unsupported engine {
212 warn EBADENGINE   package: '@typescript-eslint/parser@5.16.0',
212 warn EBADENGINE   required: { node: '^12.22.0 || ^14.17.0 || >=16.0.0' },
212 warn EBADENGINE   current: { node: 'v14.15.0', npm: '8.5.5' }
212 warn EBADENGINE }
213 warn EBADENGINE Unsupported engine {
213 warn EBADENGINE   package: '@typescript-eslint/scope-manager@5.16.0',
213 warn EBADENGINE   required: { node: '^12.22.0 || ^14.17.0 || >=16.0.0' },
213 warn EBADENGINE   current: { node: 'v14.15.0', npm: '8.5.5' }
213 warn EBADENGINE }
214 warn EBADENGINE Unsupported engine {
214 warn EBADENGINE   package: '@typescript-eslint/types@5.16.0',
214 warn EBADENGINE   required: { node: '^12.22.0 || ^14.17.0 || >=16.0.0' },
214 warn EBADENGINE   current: { node: 'v14.15.0', npm: '8.5.5' }
214 warn EBADENGINE }
215 warn EBADENGINE Unsupported engine {
215 warn EBADENGINE   package: '@typescript-eslint/typescript-estree@5.16.0',
215 warn EBADENGINE   required: { node: '^12.22.0 || ^14.17.0 || >=16.0.0' },
215 warn EBADENGINE   current: { node: 'v14.15.0', npm: '8.5.5' }
215 warn EBADENGINE }
216 warn EBADENGINE Unsupported engine {
216 warn EBADENGINE   package: '@typescript-eslint/visitor-keys@5.16.0',
216 warn EBADENGINE   required: { node: '^12.22.0 || ^14.17.0 || >=16.0.0' },
216 warn EBADENGINE   current: { node: 'v14.15.0', npm: '8.5.5' }
216 warn EBADENGINE }
217 warn EBADENGINE Unsupported engine {
217 warn EBADENGINE   package: 'eslint@8.11.0',
217 warn EBADENGINE   required: { node: '^12.22.0 || ^14.17.0 || >=16.0.0' },
217 warn EBADENGINE   current: { node: 'v14.15.0', npm: '8.5.5' }
217 warn EBADENGINE }
218 warn EBADENGINE Unsupported engine {
218 warn EBADENGINE   package: 'eslint-scope@7.1.1',
218 warn EBADENGINE   required: { node: '^12.22.0 || ^14.17.0 || >=16.0.0' },
218 warn EBADENGINE   current: { node: 'v14.15.0', npm: '8.5.5' }
218 warn EBADENGINE }
219 warn EBADENGINE Unsupported engine {
219 warn EBADENGINE   package: 'eslint-visitor-keys@3.3.0',
219 warn EBADENGINE   required: { node: '^12.22.0 || ^14.17.0 || >=16.0.0' },
219 warn EBADENGINE   current: { node: 'v14.15.0', npm: '8.5.5' }
219 warn EBADENGINE }
220 warn EBADENGINE Unsupported engine {
220 warn EBADENGINE   package: 'espree@9.3.1',
220 warn EBADENGINE   required: { node: '^12.22.0 || ^14.17.0 || >=16.0.0' },
220 warn EBADENGINE   current: { node: 'v14.15.0', npm: '8.5.5' }
220 warn EBADENGINE }
221 timing idealTree Completed in 5753ms
222 timing reify:loadTrees Completed in 5754ms
223 timing reify:diffTrees Completed in 14ms
224 silly reify moves {}
225 timing reify:retireShallow Completed in 1ms
226 timing reify:createSparse Completed in 61ms
227 timing reify:loadBundles Completed in 0ms
228 silly audit bulk request {
228 silly audit   '@babel/runtime': [ '7.17.8' ],
228 silly audit   '@babel/runtime-corejs3': [ '7.17.8' ],
228 silly audit   '@eslint/eslintrc': [ '1.2.1' ],
228 silly audit   '@humanwhocodes/config-array': [ '0.9.5' ],
228 silly audit   '@humanwhocodes/object-schema': [ '1.2.1' ],
228 silly audit   '@next/env': [ '12.1.0' ],
228 silly audit   '@next/eslint-plugin-next': [ '12.1.0' ],
228 silly audit   '@next/swc-android-arm64': [ '12.1.0' ],
228 silly audit   '@next/swc-darwin-arm64': [ '12.1.0' ],
228 silly audit   '@next/swc-darwin-x64': [ '12.1.0' ],
228 silly audit   '@next/swc-linux-arm-gnueabihf': [ '12.1.0' ],
228 silly audit   '@next/swc-linux-arm64-gnu': [ '12.1.0' ],
228 silly audit   '@next/swc-linux-arm64-musl': [ '12.1.0' ],
228 silly audit   '@next/swc-linux-x64-gnu': [ '12.1.0' ],
228 silly audit   '@next/swc-linux-x64-musl': [ '12.1.0' ],
228 silly audit   '@next/swc-win32-arm64-msvc': [ '12.1.0' ],
228 silly audit   '@next/swc-win32-ia32-msvc': [ '12.1.0' ],
228 silly audit   '@next/swc-win32-x64-msvc': [ '12.1.0' ],
228 silly audit   '@nodelib/fs.scandir': [ '2.1.5' ],
228 silly audit   '@nodelib/fs.stat': [ '2.0.5' ],
228 silly audit   '@nodelib/fs.walk': [ '1.2.8' ],
228 silly audit   '@rushstack/eslint-patch': [ '1.1.1' ],
228 silly audit   '@types/json5': [ '0.0.29' ],
228 silly audit   '@typescript-eslint/parser': [ '5.16.0' ],
228 silly audit   '@typescript-eslint/scope-manager': [ '5.16.0' ],
228 silly audit   '@typescript-eslint/types': [ '5.16.0' ],
228 silly audit   '@typescript-eslint/typescript-estree': [ '5.16.0' ],
228 silly audit   '@typescript-eslint/visitor-keys': [ '5.16.0' ],
228 silly audit   acorn: [ '8.7.0' ],
228 silly audit   'acorn-jsx': [ '5.3.2' ],
228 silly audit   ajv: [ '6.12.6' ],
228 silly audit   'ansi-regex': [ '5.0.1' ],
228 silly audit   'ansi-styles': [ '4.3.0', '3.2.1' ],
228 silly audit   argparse: [ '2.0.1' ],
228 silly audit   'aria-query': [ '4.2.2' ],
228 silly audit   'array-includes': [ '3.1.4' ],
228 silly audit   'array-union': [ '2.1.0' ],
228 silly audit   'array.prototype.flat': [ '1.2.5' ],
228 silly audit   'array.prototype.flatmap': [ '1.2.5' ],
228 silly audit   'ast-types-flow': [ '0.0.7' ],
228 silly audit   'axe-core': [ '4.4.1' ],
228 silly audit   'axobject-query': [ '2.2.0' ],
228 silly audit   'balanced-match': [ '1.0.2' ],
228 silly audit   'brace-expansion': [ '1.1.11' ],
228 silly audit   braces: [ '3.0.2' ],
228 silly audit   'call-bind': [ '1.0.2' ],
228 silly audit   callsites: [ '3.1.0' ],
228 silly audit   'caniuse-lite': [ '1.0.30001320' ],
228 silly audit   chalk: [ '4.1.2', '2.4.2' ],
228 silly audit   'color-convert': [ '2.0.1', '1.9.3' ],
228 silly audit   'color-name': [ '1.1.4', '1.1.3' ],
228 silly audit   'concat-map': [ '0.0.1' ],
228 silly audit   'core-js-pure': [ '3.21.1' ],
228 silly audit   'cross-spawn': [ '7.0.3' ],
228 silly audit   'damerau-levenshtein': [ '1.0.8' ],
228 silly audit   debug: [ '4.3.4', '3.2.7', '2.6.9' ],
228 silly audit   'deep-is': [ '0.1.4' ],
228 silly audit   'define-properties': [ '1.1.3' ],
228 silly audit   'dir-glob': [ '3.0.1' ],
228 silly audit   doctrine: [ '3.0.0', '2.1.0' ],
228 silly audit   'emoji-regex': [ '9.2.2' ],
228 silly audit   'es-abstract': [ '1.19.1' ],
228 silly audit   'es-to-primitive': [ '1.2.1' ],
228 silly audit   'escape-string-regexp': [ '4.0.0', '1.0.5' ],
228 silly audit   eslint: [ '8.11.0' ],
228 silly audit   'eslint-config-next': [ '12.1.0' ],
228 silly audit   'eslint-import-resolver-node': [ '0.3.6' ],
228 silly audit   'eslint-import-resolver-typescript': [ '2.7.0' ],
228 silly audit   glob: [ '7.2.0', '7.1.7' ],
228 silly audit   'eslint-module-utils': [ '2.7.3' ],
228 silly audit   'eslint-plugin-import': [ '2.25.4' ],
228 silly audit   ms: [ '2.0.0', '2.1.2' ],
228 silly audit   'eslint-plugin-jsx-a11y': [ '6.5.1' ],
228 silly audit   'eslint-plugin-react': [ '7.29.4' ],
228 silly audit   'eslint-plugin-react-hooks': [ '4.3.0' ],
228 silly audit   resolve: [ '2.0.0-next.3', '1.22.0' ],
228 silly audit   semver: [ '6.3.0', '7.3.5' ],
228 silly audit   'eslint-scope': [ '7.1.1' ],
228 silly audit   'eslint-utils': [ '3.0.0' ],
228 silly audit   'eslint-visitor-keys': [ '2.1.0', '3.3.0' ],
228 silly audit   espree: [ '9.3.1' ],
228 silly audit   esquery: [ '1.4.0' ],
228 silly audit   esrecurse: [ '4.3.0' ],
228 silly audit   estraverse: [ '5.3.0' ],
228 silly audit   esutils: [ '2.0.3' ],
228 silly audit   'fast-deep-equal': [ '3.1.3' ],
228 silly audit   'fast-glob': [ '3.2.11' ],
228 silly audit   'glob-parent': [ '5.1.2', '6.0.2' ],
228 silly audit   'fast-json-stable-stringify': [ '2.1.0' ],
228 silly audit   'fast-levenshtein': [ '2.0.6' ],
228 silly audit   fastq: [ '1.13.0' ],
228 silly audit   'file-entry-cache': [ '6.0.1' ],
228 silly audit   'fill-range': [ '7.0.1' ],
228 silly audit   'find-up': [ '2.1.0' ],
228 silly audit   'flat-cache': [ '3.0.4' ],
228 silly audit   flatted: [ '3.2.5' ],
228 silly audit   'fs.realpath': [ '1.0.0' ],
228 silly audit   'function-bind': [ '1.1.1' ],
228 silly audit   'functional-red-black-tree': [ '1.0.1' ],
228 silly audit   'get-intrinsic': [ '1.1.1' ],
228 silly audit   'get-symbol-description': [ '1.0.0' ],
228 silly audit   globals: [ '13.13.0', '11.12.0' ],
228 silly audit   globby: [ '11.1.0' ],
228 silly audit   has: [ '1.0.3' ],
228 silly audit   'has-bigints': [ '1.0.1' ],
228 silly audit   'has-flag': [ '4.0.0', '3.0.0' ],
228 silly audit   'has-symbols': [ '1.0.3' ],
228 silly audit   'has-tostringtag': [ '1.0.0' ],
228 silly audit   ignore: [ '5.2.0' ],
228 silly audit   'import-fresh': [ '3.3.0' ],
228 silly audit   imurmurhash: [ '0.1.4' ],
228 silly audit   inflight: [ '1.0.6' ],
228 silly audit   inherits: [ '2.0.4' ],
228 silly audit   'internal-slot': [ '1.0.3' ],
228 silly audit   'is-bigint': [ '1.0.4' ],
228 silly audit   'is-boolean-object': [ '1.1.2' ],
228 silly audit   'is-callable': [ '1.2.4' ],
228 silly audit   'is-core-module': [ '2.8.1' ],
228 silly audit   'is-date-object': [ '1.0.5' ],
228 silly audit   'is-extglob': [ '2.1.1' ],
228 silly audit   'is-glob': [ '4.0.3' ],
228 silly audit   'is-negative-zero': [ '2.0.2' ],
228 silly audit   'is-number': [ '7.0.0' ],
228 silly audit   'is-number-object': [ '1.0.6' ],
228 silly audit   'is-regex': [ '1.1.4' ],
228 silly audit   'is-shared-array-buffer': [ '1.0.1' ],
228 silly audit   'is-string': [ '1.0.7' ],
228 silly audit   'is-symbol': [ '1.0.4' ],
228 silly audit   'is-weakref': [ '1.0.2' ],
228 silly audit   isexe: [ '2.0.0' ],
228 silly audit   'js-tokens': [ '4.0.0' ],
228 silly audit   'js-yaml': [ '4.1.0' ],
228 silly audit   'json-schema-traverse': [ '0.4.1' ],
228 silly audit   'json-stable-stringify-without-jsonify': [ '1.0.1' ],
228 silly audit   json5: [ '1.0.1' ],
228 silly audit   'jsx-ast-utils': [ '3.2.1' ],
228 silly audit   'language-subtag-registry': [ '0.3.21' ],
228 silly audit   'language-tags': [ '1.0.5' ],
228 silly audit   levn: [ '0.4.1' ],
228 silly audit   'locate-path': [ '2.0.0' ],
228 silly audit   'lodash.merge': [ '4.6.2' ],
228 silly audit   'loose-envify': [ '1.4.0' ],
228 silly audit   'lru-cache': [ '6.0.0' ],
228 silly audit   merge2: [ '1.4.1' ],
228 silly audit   micromatch: [ '4.0.5' ],
228 silly audit   minimatch: [ '3.1.2' ],
228 silly audit   minimist: [ '1.2.6' ],
228 silly audit   nanoid: [ '3.3.1' ],
228 silly audit   'natural-compare': [ '1.4.0' ],
228 silly audit   next: [ '12.1.0' ],
228 silly audit   'object-assign': [ '4.1.1' ],
228 silly audit   'object-inspect': [ '1.12.0' ],
228 silly audit   'object-keys': [ '1.1.1' ],
228 silly audit   'object.assign': [ '4.1.2' ],
228 silly audit   'object.entries': [ '1.1.5' ],
228 silly audit   'object.fromentries': [ '2.0.5' ],
228 silly audit   'object.hasown': [ '1.1.0' ],
228 silly audit   'object.values': [ '1.1.5' ],
228 silly audit   once: [ '1.4.0' ],
228 silly audit   optionator: [ '0.9.1' ],
228 silly audit   'p-limit': [ '1.3.0' ],
228 silly audit   'p-locate': [ '2.0.0' ],
228 silly audit   'p-try': [ '1.0.0' ],
228 silly audit   'parent-module': [ '1.0.1' ],
228 silly audit   'path-exists': [ '3.0.0' ],
228 silly audit   'path-is-absolute': [ '1.0.1' ],
228 silly audit   'path-key': [ '3.1.1' ],
228 silly audit   'path-parse': [ '1.0.7' ],
228 silly audit   'path-type': [ '4.0.0' ],
228 silly audit   picocolors: [ '1.0.0' ],
228 silly audit   picomatch: [ '2.3.1' ],
228 silly audit   postcss: [ '8.4.5' ],
228 silly audit   'prelude-ls': [ '1.2.1' ],
228 silly audit   'prop-types': [ '15.8.1' ],
228 silly audit   punycode: [ '2.1.1' ],
228 silly audit   'queue-microtask': [ '1.2.3' ],
228 silly audit   react: [ '17.0.2' ],
228 silly audit   'react-dom': [ '17.0.2' ],
228 silly audit   'react-is': [ '16.13.1' ],
228 silly audit   'regenerator-runtime': [ '0.13.9' ],
228 silly audit   'regexp.prototype.flags': [ '1.4.1' ],
228 silly audit   regexpp: [ '3.2.0' ],
228 silly audit   'resolve-from': [ '4.0.0' ],
228 silly audit   reusify: [ '1.0.4' ],
228 silly audit   rimraf: [ '3.0.2' ],
228 silly audit   'run-parallel': [ '1.2.0' ],
228 silly audit   scheduler: [ '0.20.2' ],
228 silly audit   'shebang-command': [ '2.0.0' ],
228 silly audit   'shebang-regex': [ '3.0.0' ],
228 silly audit   'side-channel': [ '1.0.4' ],
228 silly audit   slash: [ '3.0.0' ],
228 silly audit   'source-map-js': [ '1.0.2' ],
228 silly audit   'string.prototype.matchall': [ '4.0.7' ],
228 silly audit   'string.prototype.trimend': [ '1.0.4' ],
228 silly audit   'string.prototype.trimstart': [ '1.0.4' ],
228 silly audit   'strip-ansi': [ '6.0.1' ],
228 silly audit   'strip-bom': [ '3.0.0' ],
228 silly audit   'strip-json-comments': [ '3.1.1' ],
228 silly audit   'styled-jsx': [ '5.0.0' ],
228 silly audit   'supports-color': [ '7.2.0', '5.5.0' ],
228 silly audit   'supports-preserve-symlinks-flag': [ '1.0.0' ],
228 silly audit   'text-table': [ '0.2.0' ],
228 silly audit   'to-regex-range': [ '5.0.1' ],
228 silly audit   'tsconfig-paths': [ '3.14.1' ],
228 silly audit   tslib: [ '1.14.1' ],
228 silly audit   tsutils: [ '3.21.0' ],
228 silly audit   'type-check': [ '0.4.0' ],
228 silly audit   'type-fest': [ '0.20.2' ],
228 silly audit   typescript: [ '4.6.3' ],
228 silly audit   'unbox-primitive': [ '1.0.1' ],
228 silly audit   'uri-js': [ '4.4.1' ],
228 silly audit   'use-subscription': [ '1.5.1' ],
228 silly audit   'v8-compile-cache': [ '2.3.0' ],
228 silly audit   which: [ '2.0.2' ],
228 silly audit   'which-boxed-primitive': [ '1.0.2' ],
228 silly audit   'word-wrap': [ '1.2.3' ],
228 silly audit   wrappy: [ '1.0.2' ],
228 silly audit   yallist: [ '4.0.0' ],
228 silly audit   'styled-components': [ '5.3.5' ],
228 silly audit   '@babel/helper-module-imports': [ '7.16.7' ],
228 silly audit   '@babel/traverse': [ '7.17.3' ],
228 silly audit   '@emotion/is-prop-valid': [ '1.1.2' ],
228 silly audit   '@emotion/stylis': [ '0.8.5' ],
228 silly audit   '@emotion/unitless': [ '0.7.5' ],
228 silly audit   'babel-plugin-styled-components': [ '2.0.6' ],
228 silly audit   'css-to-react-native': [ '3.0.0' ],
228 silly audit   'hoist-non-react-statics': [ '3.3.2' ],
228 silly audit   shallowequal: [ '1.1.0' ],
228 silly audit   '@babel/types': [ '7.17.0' ],
228 silly audit   '@babel/code-frame': [ '7.16.7' ],
228 silly audit   '@babel/generator': [ '7.17.7' ],
228 silly audit   '@babel/helper-environment-visitor': [ '7.16.7' ],
228 silly audit   '@babel/helper-function-name': [ '7.16.7' ],
228 silly audit   '@babel/helper-hoist-variables': [ '7.16.7' ],
228 silly audit   '@babel/helper-split-export-declaration': [ '7.16.7' ],
228 silly audit   '@babel/parser': [ '7.17.8' ],
228 silly audit   '@babel/highlight': [ '7.16.10' ],
228 silly audit   jsesc: [ '2.5.2' ],
228 silly audit   'source-map': [ '0.5.7' ],
228 silly audit   '@babel/helper-get-function-arity': [ '7.16.7' ],
228 silly audit   '@babel/template': [ '7.16.7' ],
228 silly audit   '@babel/helper-validator-identifier': [ '7.16.7' ],
228 silly audit   'to-fast-properties': [ '2.0.0' ],
228 silly audit   '@emotion/memoize': [ '0.7.5' ],
228 silly audit   '@babel/helper-annotate-as-pure': [ '7.16.7' ],
228 silly audit   'babel-plugin-syntax-jsx': [ '6.18.0' ],
228 silly audit   lodash: [ '4.17.21' ],
228 silly audit   camelize: [ '1.0.0' ],
228 silly audit   'css-color-keywords': [ '1.0.0' ],
228 silly audit   'postcss-value-parser': [ '4.2.0' ]
228 silly audit }
229 verbose reify failed optional dependency C:\Users\user\Desktop\state\setstate\node_modules\@next\swc-win32-ia32-msvc
230 silly reify mark deleted [
230 silly reify   'C:\\Users\\user\\Desktop\\state\\setstate\\node_modules\\@next\\swc-win32-ia32-msvc'
230 silly reify ]
231 verbose reify failed optional dependency C:\Users\user\Desktop\state\setstate\node_modules\@next\swc-win32-arm64-msvc
232 silly reify mark deleted [
232 silly reify   'C:\\Users\\user\\Desktop\\state\\setstate\\node_modules\\@next\\swc-win32-arm64-msvc'
232 silly reify ]
233 verbose reify failed optional dependency C:\Users\user\Desktop\state\setstate\node_modules\@next\swc-linux-x64-musl
234 silly reify mark deleted [
234 silly reify   'C:\\Users\\user\\Desktop\\state\\setstate\\node_modules\\@next\\swc-linux-x64-musl'
234 silly reify ]
235 verbose reify failed optional dependency C:\Users\user\Desktop\state\setstate\node_modules\@next\swc-linux-x64-gnu
236 silly reify mark deleted [
236 silly reify   'C:\\Users\\user\\Desktop\\state\\setstate\\node_modules\\@next\\swc-linux-x64-gnu'
236 silly reify ]
237 verbose reify failed optional dependency C:\Users\user\Desktop\state\setstate\node_modules\@next\swc-linux-arm64-musl
238 silly reify mark deleted [
238 silly reify   'C:\\Users\\user\\Desktop\\state\\setstate\\node_modules\\@next\\swc-linux-arm64-musl'
238 silly reify ]
239 verbose reify failed optional dependency C:\Users\user\Desktop\state\setstate\node_modules\@next\swc-linux-arm64-gnu
240 silly reify mark deleted [
240 silly reify   'C:\\Users\\user\\Desktop\\state\\setstate\\node_modules\\@next\\swc-linux-arm64-gnu'
240 silly reify ]
241 verbose reify failed optional dependency C:\Users\user\Desktop\state\setstate\node_modules\@next\swc-linux-arm-gnueabihf
242 silly reify mark deleted [
242 silly reify   'C:\\Users\\user\\Desktop\\state\\setstate\\node_modules\\@next\\swc-linux-arm-gnueabihf'
242 silly reify ]
243 verbose reify failed optional dependency C:\Users\user\Desktop\state\setstate\node_modules\@next\swc-darwin-x64
244 silly reify mark deleted [
244 silly reify   'C:\\Users\\user\\Desktop\\state\\setstate\\node_modules\\@next\\swc-darwin-x64'
244 silly reify ]
245 verbose reify failed optional dependency C:\Users\user\Desktop\state\setstate\node_modules\@next\swc-darwin-arm64
246 silly reify mark deleted [
246 silly reify   'C:\\Users\\user\\Desktop\\state\\setstate\\node_modules\\@next\\swc-darwin-arm64'
246 silly reify ]
247 verbose reify failed optional dependency C:\Users\user\Desktop\state\setstate\node_modules\@next\swc-android-arm64
248 silly reify mark deleted [
248 silly reify   'C:\\Users\\user\\Desktop\\state\\setstate\\node_modules\\@next\\swc-android-arm64'
248 silly reify ]
249 timing reifyNode:node_modules/@next/swc-win32-ia32-msvc Completed in 20ms
250 timing reifyNode:node_modules/@next/swc-win32-arm64-msvc Completed in 20ms
251 timing reifyNode:node_modules/@next/swc-linux-x64-musl Completed in 20ms
252 timing reifyNode:node_modules/@next/swc-linux-x64-gnu Completed in 20ms
253 timing reifyNode:node_modules/@next/swc-linux-arm64-musl Completed in 20ms
254 timing reifyNode:node_modules/@next/swc-linux-arm64-gnu Completed in 20ms
255 timing reifyNode:node_modules/@next/swc-linux-arm-gnueabihf Completed in 20ms
256 timing reifyNode:node_modules/@next/swc-darwin-x64 Completed in 20ms
257 timing reifyNode:node_modules/@next/swc-darwin-arm64 Completed in 20ms
258 timing reifyNode:node_modules/@next/swc-android-arm64 Completed in 20ms
259 silly tarball no local data for postcss-value-parser@https://registry.npmjs.org/postcss-value-parser/-/postcss-value-parser-4.2.0.tgz. Extracting by manifest.
260 silly tarball no local data for css-color-keywords@https://registry.npmjs.org/css-color-keywords/-/css-color-keywords-1.0.0.tgz. Extracting by manifest.
261 silly tarball no local data for camelize@https://registry.npmjs.org/camelize/-/camelize-1.0.0.tgz. Extracting by manifest.
262 silly tarball no local data for lodash@https://registry.npmjs.org/lodash/-/lodash-4.17.21.tgz. Extracting by manifest.
263 silly tarball no local data for babel-plugin-syntax-jsx@https://registry.npmjs.org/babel-plugin-syntax-jsx/-/babel-plugin-syntax-jsx-6.18.0.tgz. Extracting by manifest.
264 silly tarball no local data for @emotion/memoize@https://registry.npmjs.org/@emotion/memoize/-/memoize-0.7.5.tgz. Extracting by manifest.
265 silly tarball no local data for @babel/helper-annotate-as-pure@https://registry.npmjs.org/@babel/helper-annotate-as-pure/-/helper-annotate-as-pure-7.16.7.tgz. Extracting by manifest.
266 silly tarball no local data for to-fast-properties@https://registry.npmjs.org/to-fast-properties/-/to-fast-properties-2.0.0.tgz. Extracting by manifest.
267 silly tarball no local data for @babel/helper-validator-identifier@https://registry.npmjs.org/@babel/helper-validator-identifier/-/helper-validator-identifier-7.16.7.tgz. Extracting by manifest.
268 silly tarball no local data for @babel/template@https://registry.npmjs.org/@babel/template/-/template-7.16.7.tgz. Extracting by manifest.
269 silly tarball no local data for @babel/helper-get-function-arity@https://registry.npmjs.org/@babel/helper-get-function-arity/-/helper-get-function-arity-7.16.7.tgz. Extracting by manifest.
270 silly tarball no local data for source-map@https://registry.npmjs.org/source-map/-/source-map-0.5.7.tgz. Extracting by manifest.
271 silly tarball no local data for jsesc@https://registry.npmjs.org/jsesc/-/jsesc-2.5.2.tgz. Extracting by manifest.
272 silly tarball no local data for @babel/highlight@https://registry.npmjs.org/@babel/highlight/-/highlight-7.16.10.tgz. Extracting by manifest.
273 silly tarball no local data for @babel/parser@https://registry.npmjs.org/@babel/parser/-/parser-7.17.8.tgz. Extracting by manifest.
274 silly tarball no local data for @babel/helper-split-export-declaration@https://registry.npmjs.org/@babel/helper-split-export-declaration/-/helper-split-export-declaration-7.16.7.tgz. Extracting by manifest.
275 silly tarball no local data for @babel/helper-hoist-variables@https://registry.npmjs.org/@babel/helper-hoist-variables/-/helper-hoist-variables-7.16.7.tgz. Extracting by manifest.
276 silly tarball no local data for @babel/helper-environment-visitor@https://registry.npmjs.org/@babel/helper-environment-visitor/-/helper-environment-visitor-7.16.7.tgz. Extracting by manifest.
277 silly tarball no local data for shallowequal@https://registry.npmjs.org/shallowequal/-/shallowequal-1.1.0.tgz. Extracting by manifest.
278 silly tarball no local data for @babel/generator@https://registry.npmjs.org/@babel/generator/-/generator-7.17.7.tgz. Extracting by manifest.
279 silly tarball no local data for @babel/code-frame@https://registry.npmjs.org/@babel/code-frame/-/code-frame-7.16.7.tgz. Extracting by manifest.
280 silly tarball no local data for hoist-non-react-statics@https://registry.npmjs.org/hoist-non-react-statics/-/hoist-non-react-statics-3.3.2.tgz. Extracting by manifest.
281 silly tarball no local data for css-to-react-native@https://registry.npmjs.org/css-to-react-native/-/css-to-react-native-3.0.0.tgz. Extracting by manifest.
282 silly tarball no local data for babel-plugin-styled-components@https://registry.npmjs.org/babel-plugin-styled-components/-/babel-plugin-styled-components-2.0.6.tgz. Extracting by manifest.
283 silly tarball no local data for @emotion/stylis@https://registry.npmjs.org/@emotion/stylis/-/stylis-0.8.5.tgz. Extracting by manifest.
284 silly tarball no local data for @babel/types@https://registry.npmjs.org/@babel/types/-/types-7.17.0.tgz. Extracting by manifest.
285 silly tarball no local data for @emotion/is-prop-valid@https://registry.npmjs.org/@emotion/is-prop-valid/-/is-prop-valid-1.1.2.tgz. Extracting by manifest.
286 silly tarball no local data for @babel/traverse@https://registry.npmjs.org/@babel/traverse/-/traverse-7.17.3.tgz. Extracting by manifest.
287 silly tarball no local data for styled-components@https://registry.npmjs.org/styled-components/-/styled-components-5.3.5.tgz. Extracting by manifest.
288 silly tarball no local data for @babel/helper-module-imports@https://registry.npmjs.org/@babel/helper-module-imports/-/helper-module-imports-7.16.7.tgz. Extracting by manifest.
289 silly tarball no local data for @emotion/unitless@https://registry.npmjs.org/@emotion/unitless/-/unitless-0.7.5.tgz. Extracting by manifest.
290 silly tarball no local data for has-flag@https://registry.npmjs.org/has-flag/-/has-flag-3.0.0.tgz. Extracting by manifest.
291 silly tarball no local data for color-name@https://registry.npmjs.org/color-name/-/color-name-1.1.3.tgz. Extracting by manifest.
292 silly tarball no local data for color-convert@https://registry.npmjs.org/color-convert/-/color-convert-1.9.3.tgz. Extracting by manifest.
293 silly tarball no local data for escape-string-regexp@https://registry.npmjs.org/escape-string-regexp/-/escape-string-regexp-1.0.5.tgz. Extracting by manifest.
294 silly tarball no local data for chalk@https://registry.npmjs.org/chalk/-/chalk-2.4.2.tgz. Extracting by manifest.
295 silly tarball no local data for ansi-styles@https://registry.npmjs.org/ansi-styles/-/ansi-styles-3.2.1.tgz. Extracting by manifest.
296 silly tarball no local data for globals@https://registry.npmjs.org/globals/-/globals-11.12.0.tgz. Extracting by manifest.
297 silly tarball no local data for supports-color@https://registry.npmjs.org/supports-color/-/supports-color-5.5.0.tgz. Extracting by manifest.
298 silly tarball no local data for has-flag@https://registry.npmjs.org/has-flag/-/has-flag-3.0.0.tgz. Extracting by manifest.
299 silly tarball no local data for @babel/helper-function-name@https://registry.npmjs.org/@babel/helper-function-name/-/helper-function-name-7.16.7.tgz. Extracting by manifest.
300 silly tarball no local data for supports-color@https://registry.npmjs.org/supports-color/-/supports-color-5.5.0.tgz. Extracting by manifest.
301 http fetch POST 200 https://registry.npmjs.org/-/npm/v1/security/advisories/bulk 331ms
302 timing auditReport:getReport Completed in 348ms
303 silly audit report {}
304 timing auditReport:init Completed in 0ms
305 timing reify:audit Completed in 350ms
306 http fetch GET 200 https://registry.npmjs.org/@babel/template/-/template-7.16.7.tgz 686ms (cache miss)
307 http fetch GET 200 https://registry.npmjs.org/babel-plugin-syntax-jsx/-/babel-plugin-syntax-jsx-6.18.0.tgz 751ms (cache miss)
308 timing reifyNode:node_modules/babel-plugin-syntax-jsx Completed in 849ms
309 http fetch GET 200 https://registry.npmjs.org/css-color-keywords/-/css-color-keywords-1.0.0.tgz 789ms (cache miss)
310 timing reifyNode:node_modules/css-color-keywords Completed in 871ms
311 http fetch GET 200 https://registry.npmjs.org/@babel/highlight/-/highlight-7.16.10.tgz 738ms (cache miss)
312 timing reifyNode:node_modules/@babel/highlight Completed in 894ms
313 http fetch GET 200 https://registry.npmjs.org/@emotion/memoize/-/memoize-0.7.5.tgz 807ms (cache miss)
314 http fetch GET 200 https://registry.npmjs.org/@babel/helper-annotate-as-pure/-/helper-annotate-as-pure-7.16.7.tgz 807ms (cache miss)
315 timing reifyNode:node_modules/@babel/helper-annotate-as-pure Completed in 917ms
316 http fetch GET 200 https://registry.npmjs.org/camelize/-/camelize-1.0.0.tgz 854ms (cache miss)
317 http fetch GET 200 https://registry.npmjs.org/to-fast-properties/-/to-fast-properties-2.0.0.tgz 861ms (cache miss)
318 timing reifyNode:node_modules/to-fast-properties Completed in 976ms
319 http fetch GET 200 https://registry.npmjs.org/@babel/helper-hoist-variables/-/helper-hoist-variables-7.16.7.tgz 854ms (cache miss)
320 timing reifyNode:node_modules/@babel/helper-hoist-variables Completed in 1019ms
321 timing reifyNode:node_modules/camelize Completed in 1070ms
322 http fetch GET 200 https://registry.npmjs.org/supports-color/-/supports-color-5.5.0.tgz 917ms (cache miss)
323 http fetch GET 200 https://registry.npmjs.org/@emotion/unitless/-/unitless-0.7.5.tgz 996ms (cache miss)
324 http fetch GET 200 https://registry.npmjs.org/chalk/-/chalk-2.4.2.tgz 988ms (cache miss)
325 http fetch GET 200 https://registry.npmjs.org/has-flag/-/has-flag-3.0.0.tgz 980ms (cache miss)
326 timing reifyNode:node_modules/styled-components/node_modules/has-flag Completed in 1254ms
327 http fetch GET 200 https://registry.npmjs.org/color-name/-/color-name-1.1.3.tgz 1016ms (cache miss)
328 http fetch GET 200 https://registry.npmjs.org/@babel/helper-function-name/-/helper-function-name-7.16.7.tgz 993ms (cache miss)
329 timing reifyNode:node_modules/@babel/helper-function-name Completed in 1279ms
330 http fetch GET 200 https://registry.npmjs.org/has-flag/-/has-flag-3.0.0.tgz 1047ms (cache miss)
331 timing reifyNode:node_modules/@babel/highlight/node_modules/has-flag Completed in 1295ms
332 timing reifyNode:node_modules/styled-components/node_modules/supports-color Completed in 1301ms
333 http fetch GET 200 https://registry.npmjs.org/globals/-/globals-11.12.0.tgz 1047ms (cache miss)
334 http fetch GET 200 https://registry.npmjs.org/ansi-styles/-/ansi-styles-3.2.1.tgz 1059ms (cache miss)
335 timing reifyNode:node_modules/@babel/highlight/node_modules/ansi-styles Completed in 1321ms
336 http fetch GET 200 https://registry.npmjs.org/escape-string-regexp/-/escape-string-regexp-1.0.5.tgz 1072ms (cache miss)
337 timing reifyNode:node_modules/@babel/highlight/node_modules/escape-string-regexp Completed in 1329ms
338 timing reifyNode:node_modules/@babel/traverse/node_modules/globals Completed in 1330ms
339 http fetch GET 200 https://registry.npmjs.org/@babel/helper-get-function-arity/-/helper-get-function-arity-7.16.7.tgz 1229ms (cache miss)
340 timing reifyNode:node_modules/@babel/helper-get-function-arity Completed in 1369ms
341 timing reifyNode:node_modules/@babel/highlight/node_modules/color-name Completed in 1406ms
342 http fetch GET 200 https://registry.npmjs.org/jsesc/-/jsesc-2.5.2.tgz 1275ms (cache miss)
343 timing reifyNode:node_modules/jsesc Completed in 1427ms
344 http fetch GET 200 https://registry.npmjs.org/@babel/code-frame/-/code-frame-7.16.7.tgz 1239ms (cache miss)
345 timing reifyNode:node_modules/@babel/code-frame Completed in 1433ms
346 http fetch GET 200 https://registry.npmjs.org/@babel/helper-environment-visitor/-/helper-environment-visitor-7.16.7.tgz 1267ms (cache miss)
347 timing reifyNode:node_modules/@babel/helper-environment-visitor Completed in 1442ms
348 timing reifyNode:node_modules/@babel/highlight/node_modules/chalk Completed in 1449ms
349 http fetch GET 200 https://registry.npmjs.org/shallowequal/-/shallowequal-1.1.0.tgz 1289ms (cache miss)
350 timing reifyNode:node_modules/shallowequal Completed in 1467ms
351 timing reifyNode:node_modules/@babel/template Completed in 1477ms
352 http fetch GET 200 https://registry.npmjs.org/@babel/helper-validator-identifier/-/helper-validator-identifier-7.16.7.tgz 1377ms (cache miss)
353 timing reifyNode:node_modules/@babel/helper-validator-identifier Completed in 1496ms
354 http fetch GET 200 https://registry.npmjs.org/supports-color/-/supports-color-5.5.0.tgz 1195ms (cache miss)
355 timing reifyNode:node_modules/@babel/highlight/node_modules/supports-color Completed in 1505ms
356 http fetch GET 200 https://registry.npmjs.org/hoist-non-react-statics/-/hoist-non-react-statics-3.3.2.tgz 1319ms (cache miss)
357 timing reifyNode:node_modules/hoist-non-react-statics Completed in 1522ms
358 timing reifyNode:node_modules/@emotion/memoize Completed in 1534ms
359 http fetch GET 200 https://registry.npmjs.org/postcss-value-parser/-/postcss-value-parser-4.2.0.tgz 1485ms (cache miss)
360 timing reifyNode:node_modules/postcss-value-parser Completed in 1561ms
361 http fetch GET 200 https://registry.npmjs.org/color-convert/-/color-convert-1.9.3.tgz 1325ms (cache miss)
362 timing reifyNode:node_modules/@babel/highlight/node_modules/color-convert Completed in 1580ms
363 http fetch GET 200 https://registry.npmjs.org/@babel/helper-split-export-declaration/-/helper-split-export-declaration-7.16.7.tgz 1430ms (cache miss)
364 timing reifyNode:node_modules/@babel/helper-split-export-declaration Completed in 1591ms
365 http fetch GET 200 https://registry.npmjs.org/@babel/helper-module-imports/-/helper-module-imports-7.16.7.tgz 1388ms (cache miss)
366 timing reifyNode:node_modules/@babel/helper-module-imports Completed in 1620ms
367 timing reifyNode:node_modules/@emotion/unitless Completed in 1626ms
368 http fetch GET 200 https://registry.npmjs.org/@emotion/stylis/-/stylis-0.8.5.tgz 1513ms (cache miss)
369 http fetch GET 200 https://registry.npmjs.org/babel-plugin-styled-components/-/babel-plugin-styled-components-2.0.6.tgz 1531ms (cache miss)
370 timing reifyNode:node_modules/@emotion/stylis Completed in 1741ms
371 timing reifyNode:node_modules/babel-plugin-styled-components Completed in 1752ms
372 http fetch GET 200 https://registry.npmjs.org/@emotion/is-prop-valid/-/is-prop-valid-1.1.2.tgz 1548ms (cache miss)
373 timing reifyNode:node_modules/@emotion/is-prop-valid Completed in 1767ms
374 http fetch GET 200 https://registry.npmjs.org/@babel/generator/-/generator-7.17.7.tgz 1664ms (cache miss)
375 timing reifyNode:node_modules/@babel/generator Completed in 1844ms
376 http fetch GET 200 https://registry.npmjs.org/@babel/parser/-/parser-7.17.8.tgz 1811ms (cache miss)
377 timing reifyNode:node_modules/@babel/parser Completed in 1967ms
378 http fetch GET 200 https://registry.npmjs.org/source-map/-/source-map-0.5.7.tgz 1942ms (cache miss)
379 timing reifyNode:node_modules/source-map Completed in 2088ms
380 http fetch GET 200 https://registry.npmjs.org/css-to-react-native/-/css-to-react-native-3.0.0.tgz 1893ms (cache miss)
381 timing reifyNode:node_modules/css-to-react-native Completed in 2100ms
382 http fetch GET 200 https://registry.npmjs.org/@babel/traverse/-/traverse-7.17.3.tgz 1891ms (cache miss)
383 timing reifyNode:node_modules/@babel/traverse Completed in 2124ms
384 http fetch GET 200 https://registry.npmjs.org/@babel/types/-/types-7.17.0.tgz 2664ms (cache miss)
385 timing reifyNode:node_modules/@babel/types Completed in 2883ms
386 http fetch GET 200 https://registry.npmjs.org/styled-components/-/styled-components-5.3.5.tgz 4560ms (cache miss)
387 timing reifyNode:node_modules/styled-components Completed in 4790ms
388 http fetch GET 200 https://registry.npmjs.org/lodash/-/lodash-4.17.21.tgz 5881ms (cache miss)
389 timing reifyNode:node_modules/lodash Completed in 5979ms
390 timing reify:unpack Completed in 5980ms
391 timing reify:unretire Completed in 0ms
392 timing build:queue Completed in 3ms
393 timing build:link:node_modules/@babel/parser Completed in 7ms
394 timing build:link:node_modules/jsesc Completed in 11ms
395 timing build:link Completed in 11ms
396 info run styled-components@5.3.5 postinstall node_modules/styled-components node ./postinstall.js
397 info run styled-components@5.3.5 postinstall { code: 0, signal: null }
398 timing build:run:postinstall:node_modules/styled-components Completed in 116ms
399 timing build:run:postinstall Completed in 118ms
400 timing build:deps Completed in 134ms
401 timing build Completed in 134ms
402 timing reify:build Completed in 134ms
403 timing reify:trash Completed in 3ms
404 timing reify:save Completed in 67ms
405 timing reify Completed in 12104ms
406 silly ADD node_modules/postcss-value-parser
407 silly ADD node_modules/css-color-keywords
408 silly ADD node_modules/camelize
409 silly ADD node_modules/lodash
410 silly ADD node_modules/babel-plugin-syntax-jsx
411 silly ADD node_modules/@babel/helper-annotate-as-pure
412 silly ADD node_modules/@emotion/memoize
413 silly ADD node_modules/to-fast-properties
414 silly ADD node_modules/@babel/helper-validator-identifier
415 silly ADD node_modules/@babel/template
416 silly ADD node_modules/@babel/helper-get-function-arity
417 silly ADD node_modules/source-map
418 silly ADD node_modules/jsesc
419 silly ADD node_modules/@babel/highlight
420 silly ADD node_modules/@babel/highlight/node_modules/has-flag
421 silly ADD node_modules/@babel/highlight/node_modules/color-name
422 silly ADD node_modules/@babel/highlight/node_modules/color-convert
423 silly ADD node_modules/@babel/highlight/node_modules/supports-color
424 silly ADD node_modules/@babel/highlight/node_modules/escape-string-regexp
425 silly ADD node_modules/@babel/highlight/node_modules/ansi-styles
426 silly ADD node_modules/@babel/highlight/node_modules/chalk
427 silly ADD node_modules/@babel/parser
428 silly ADD node_modules/@babel/helper-split-export-declaration
429 silly ADD node_modules/@babel/helper-hoist-variables
430 silly ADD node_modules/@babel/helper-function-name
431 silly ADD node_modules/@babel/helper-environment-visitor
432 silly ADD node_modules/@babel/generator
433 silly ADD node_modules/@babel/code-frame
434 silly ADD node_modules/@babel/types
435 silly ADD node_modules/shallowequal
436 silly ADD node_modules/hoist-non-react-statics
437 silly ADD node_modules/css-to-react-native
438 silly ADD node_modules/babel-plugin-styled-components
439 silly ADD node_modules/@emotion/unitless
440 silly ADD node_modules/@emotion/stylis
441 silly ADD node_modules/@emotion/is-prop-valid
442 silly ADD node_modules/@babel/traverse
443 silly ADD node_modules/@babel/traverse/node_modules/globals
444 silly ADD node_modules/@babel/helper-module-imports
445 silly ADD node_modules/styled-components
446 silly ADD node_modules/styled-components/node_modules/has-flag
447 silly ADD node_modules/styled-components/node_modules/supports-color
448 silly ADD
449 silly ADD
450 silly ADD
451 silly ADD
452 silly ADD
453 silly ADD
454 silly ADD
455 silly ADD
456 silly ADD
457 silly ADD
458 timing command:install Completed in 12119ms
459 verbose exit 0
460 timing npm Completed in 12511ms
461 info ok
