0 verbose cli [
0 verbose cli   'C:\\Program Files\\nodejs\\node.exe',
0 verbose cli   'C:\\Users\\user\\AppData\\Roaming\\npm\\node_modules\\npm\\bin\\npm-cli.js',
0 verbose cli   'install',
0 verbose cli   '--save-dev',
0 verbose cli   '@babel/core'
0 verbose cli ]
1 info using npm@8.5.5
2 info using node@v14.15.0
3 timing npm:load:whichnode Completed in 1ms
4 timing config:load:defaults Completed in 1ms
5 timing config:load:file:C:\Users\user\AppData\Roaming\npm\node_modules\npm\npmrc Completed in 8ms
6 timing config:load:builtin Completed in 10ms
7 timing config:load:cli Completed in 3ms
8 timing config:load:env Completed in 2ms
9 timing config:load:file:C:\Users\user\Desktop\state\setstate\.npmrc Completed in 0ms
10 timing config:load:project Completed in 3ms
11 timing config:load:file:C:\Users\user\.npmrc Completed in 0ms
12 timing config:load:user Completed in 0ms
13 timing config:load:file:C:\Users\user\AppData\Roaming\npm\etc\npmrc Completed in 1ms
14 timing config:load:global Completed in 1ms
15 timing config:load:validate Completed in 0ms
16 timing config:load:credentials Completed in 1ms
17 timing config:load:setEnvs Completed in 1ms
18 timing config:load Completed in 22ms
19 timing npm:load:configload Completed in 22ms
20 timing npm:load:setTitle Completed in 1ms
21 timing config:load:flatten Completed in 3ms
22 timing npm:load:display Completed in 5ms
23 verbose logfile C:\Users\user\Desktop\state\setstate\_logs\2022-04-05T01_58_25_046Z-debug-0.log
24 timing npm:load:logFile Completed in 12ms
25 timing npm:load:timers Completed in 0ms
26 timing npm:load:configScope Completed in 0ms
27 timing npm:load Completed in 42ms
28 timing arborist:ctor Completed in 1ms
29 silly logfile start cleaning logs, removing 1 files
30 timing idealTree:init Completed in 270ms
31 timing idealTree:userRequests Completed in 3ms
32 silly idealTree buildDeps
33 silly fetch manifest @babel/core@*
34 timing arborist:ctor Completed in 0ms
35 http fetch GET 200 https://registry.npmjs.org/@babel%2fcore 509ms (cache miss)
36 silly placeDep ROOT @babel/core@7.17.8 OK for: setstate@0.1.0 want: *
37 silly fetch manifest @ampproject/remapping@^2.1.0
38 silly fetch manifest @babel/helper-compilation-targets@^7.17.7
39 silly fetch manifest @babel/helper-module-transforms@^7.17.7
40 silly fetch manifest @babel/helpers@^7.17.8
41 silly fetch manifest convert-source-map@^1.7.0
42 silly fetch manifest gensync@^1.0.0-beta.2
43 silly fetch manifest json5@^2.1.2
44 silly fetch manifest semver@^6.3.0
45 http fetch GET 200 https://registry.npmjs.org/@ampproject%2fremapping 157ms (cache miss)
46 http fetch GET 200 https://registry.npmjs.org/semver 337ms (cache miss)
47 http fetch GET 200 https://registry.npmjs.org/@babel%2fhelper-module-transforms 420ms (cache miss)
48 http fetch GET 200 https://registry.npmjs.org/gensync 471ms (cache miss)
49 http fetch GET 200 https://registry.npmjs.org/convert-source-map 519ms (cache miss)
50 http fetch GET 200 https://registry.npmjs.org/@babel%2fhelper-compilation-targets 562ms (cache miss)
51 http fetch GET 200 https://registry.npmjs.org/json5 684ms (cache miss)
52 http fetch GET 200 https://registry.npmjs.org/@babel%2fhelpers 960ms (cache miss)
53 timing idealTree:#root Completed in 1485ms
54 silly fetch manifest @babel/core@^7.0.0
55 silly placeDep ROOT @ampproject/remapping@2.1.2 OK for: @babel/core@7.17.8 want: ^2.1.0
56 silly placeDep ROOT @babel/helper-compilation-targets@7.17.7 OK for: @babel/core@7.17.8 want: ^7.17.7
57 silly placeDep ROOT @babel/helper-module-transforms@7.17.7 OK for: @babel/core@7.17.8 want: ^7.17.7
58 silly placeDep ROOT @babel/helpers@7.17.8 OK for: @babel/core@7.17.8 want: ^7.17.8
59 silly placeDep ROOT convert-source-map@1.8.0 OK for: @babel/core@7.17.8 want: ^1.7.0
60 silly placeDep ROOT gensync@1.0.0-beta.2 OK for: @babel/core@7.17.8 want: ^1.0.0-beta.2
61 silly placeDep node_modules/@babel/core json5@2.2.1 OK for: @babel/core@7.17.8 want: ^2.1.2
62 silly placeDep node_modules/@babel/core semver@6.3.0 OK for: @babel/core@7.17.8 want: ^6.3.0
63 silly fetch manifest @jridgewell/trace-mapping@^0.3.0
64 silly fetch manifest @babel/compat-data@^7.17.7
65 silly fetch manifest @babel/helper-validator-option@^7.16.7
66 silly fetch manifest browserslist@^4.17.5
67 silly fetch manifest @babel/helper-simple-access@^7.17.7
68 silly fetch manifest safe-buffer@~5.1.1
69 http fetch GET 200 https://registry.npmjs.org/@babel%2fcompat-data 229ms (cache miss)
70 http fetch GET 200 https://registry.npmjs.org/@babel%2fhelper-simple-access 295ms (cache miss)
71 http fetch GET 200 https://registry.npmjs.org/@babel%2fhelper-validator-option 345ms (cache miss)
72 http fetch GET 200 https://registry.npmjs.org/browserslist 346ms (cache miss)
73 http fetch GET 200 https://registry.npmjs.org/@jridgewell%2ftrace-mapping 542ms (cache miss)
74 http fetch GET 200 https://registry.npmjs.org/safe-buffer 583ms (cache miss)
75 timing idealTree:node_modules/@babel/core Completed in 613ms
76 silly placeDep ROOT @jridgewell/trace-mapping@0.3.4 OK for: @ampproject/remapping@2.1.2 want: ^0.3.0
77 silly fetch manifest @jridgewell/resolve-uri@^3.0.3
78 silly fetch manifest @jridgewell/sourcemap-codec@^1.4.10
79 http fetch GET 200 https://registry.npmjs.org/@jridgewell%2fsourcemap-codec 205ms (cache miss)
80 http fetch GET 200 https://registry.npmjs.org/@jridgewell%2fresolve-uri 361ms (cache miss)
81 timing idealTree:node_modules/@ampproject/remapping Completed in 366ms
82 silly placeDep ROOT @babel/compat-data@7.17.7 OK for: @babel/helper-compilation-targets@7.17.7 want: ^7.17.7
83 silly placeDep ROOT @babel/helper-validator-option@7.16.7 OK for: @babel/helper-compilation-targets@7.17.7 want: ^7.16.7
84 silly placeDep ROOT browserslist@4.20.2 OK for: @babel/helper-compilation-targets@7.17.7 want: ^4.17.5
85 silly placeDep node_modules/@babel/helper-compilation-targets semver@6.3.0 OK for: @babel/helper-compilation-targets@7.17.7 want: ^6.3.0
86 silly fetch manifest electron-to-chromium@^1.4.84
87 silly fetch manifest escalade@^3.1.1
88 silly fetch manifest node-releases@^2.0.2
89 http fetch GET 200 https://registry.npmjs.org/escalade 129ms (cache miss)
90 http fetch GET 200 https://registry.npmjs.org/node-releases 249ms (cache miss)
91 http fetch GET 200 https://registry.npmjs.org/electron-to-chromium 690ms (cache miss)
92 timing idealTree:node_modules/@babel/helper-compilation-targets Completed in 727ms
93 timing idealTree:node_modules/@babel/compat-data Completed in 1ms
94 silly placeDep ROOT @babel/helper-simple-access@7.17.7 OK for: @babel/helper-module-transforms@7.17.7 want: ^7.17.7
95 timing idealTree:node_modules/@babel/helper-module-transforms Completed in 1ms
96 timing idealTree:node_modules/@babel/helper-simple-access Completed in 0ms
97 timing idealTree:node_modules/@babel/helper-validator-option Completed in 0ms
98 timing idealTree:node_modules/@babel/helpers Completed in 0ms
99 silly placeDep ROOT @jridgewell/resolve-uri@3.0.5 OK for: @jridgewell/trace-mapping@0.3.4 want: ^3.0.3
100 silly placeDep ROOT @jridgewell/sourcemap-codec@1.4.11 OK for: @jridgewell/trace-mapping@0.3.4 want: ^1.4.10
101 timing idealTree:node_modules/@jridgewell/trace-mapping Completed in 2ms
102 timing idealTree:node_modules/@jridgewell/resolve-uri Completed in 0ms
103 timing idealTree:node_modules/@jridgewell/sourcemap-codec Completed in 0ms
104 silly placeDep ROOT electron-to-chromium@1.4.103 OK for: browserslist@4.20.2 want: ^1.4.84
105 silly placeDep ROOT escalade@3.1.1 OK for: browserslist@4.20.2 want: ^3.1.1
106 silly placeDep ROOT node-releases@2.0.2 OK for: browserslist@4.20.2 want: ^2.0.2
107 timing idealTree:node_modules/browserslist Completed in 5ms
108 silly placeDep ROOT safe-buffer@5.1.2 OK for: convert-source-map@1.8.0 want: ~5.1.1
109 timing idealTree:node_modules/convert-source-map Completed in 1ms
110 timing idealTree:node_modules/electron-to-chromium Completed in 0ms
111 timing idealTree:node_modules/escalade Completed in 0ms
112 timing idealTree:node_modules/gensync Completed in 0ms
113 timing idealTree:node_modules/node-releases Completed in 0ms
114 timing idealTree:node_modules/safe-buffer Completed in 0ms
115 timing idealTree:node_modules/@babel/core/node_modules/json5 Completed in 0ms
116 timing idealTree:node_modules/@babel/core/node_modules/semver Completed in 0ms
117 timing idealTree:node_modules/@babel/helper-compilation-targets/node_modules/semver Completed in 0ms
118 timing idealTree:buildDeps Completed in 3204ms
119 timing idealTree:fixDepFlags Completed in 3ms
120 warn EBADENGINE Unsupported engine {
120 warn EBADENGINE   package: '@eslint/eslintrc@1.2.1',
120 warn EBADENGINE   required: { node: '^12.22.0 || ^14.17.0 || >=16.0.0' },
120 warn EBADENGINE   current: { node: 'v14.15.0', npm: '8.5.5' }
120 warn EBADENGINE }
121 warn EBADENGINE Unsupported engine {
121 warn EBADENGINE   package: '@typescript-eslint/parser@5.16.0',
121 warn EBADENGINE   required: { node: '^12.22.0 || ^14.17.0 || >=16.0.0' },
121 warn EBADENGINE   current: { node: 'v14.15.0', npm: '8.5.5' }
121 warn EBADENGINE }
122 warn EBADENGINE Unsupported engine {
122 warn EBADENGINE   package: '@typescript-eslint/scope-manager@5.16.0',
122 warn EBADENGINE   required: { node: '^12.22.0 || ^14.17.0 || >=16.0.0' },
122 warn EBADENGINE   current: { node: 'v14.15.0', npm: '8.5.5' }
122 warn EBADENGINE }
123 warn EBADENGINE Unsupported engine {
123 warn EBADENGINE   package: '@typescript-eslint/types@5.16.0',
123 warn EBADENGINE   required: { node: '^12.22.0 || ^14.17.0 || >=16.0.0' },
123 warn EBADENGINE   current: { node: 'v14.15.0', npm: '8.5.5' }
123 warn EBADENGINE }
124 warn EBADENGINE Unsupported engine {
124 warn EBADENGINE   package: '@typescript-eslint/typescript-estree@5.16.0',
124 warn EBADENGINE   required: { node: '^12.22.0 || ^14.17.0 || >=16.0.0' },
124 warn EBADENGINE   current: { node: 'v14.15.0', npm: '8.5.5' }
124 warn EBADENGINE }
125 warn EBADENGINE Unsupported engine {
125 warn EBADENGINE   package: '@typescript-eslint/visitor-keys@5.16.0',
125 warn EBADENGINE   required: { node: '^12.22.0 || ^14.17.0 || >=16.0.0' },
125 warn EBADENGINE   current: { node: 'v14.15.0', npm: '8.5.5' }
125 warn EBADENGINE }
126 warn EBADENGINE Unsupported engine {
126 warn EBADENGINE   package: 'eslint@8.11.0',
126 warn EBADENGINE   required: { node: '^12.22.0 || ^14.17.0 || >=16.0.0' },
126 warn EBADENGINE   current: { node: 'v14.15.0', npm: '8.5.5' }
126 warn EBADENGINE }
127 warn EBADENGINE Unsupported engine {
127 warn EBADENGINE   package: 'eslint-scope@7.1.1',
127 warn EBADENGINE   required: { node: '^12.22.0 || ^14.17.0 || >=16.0.0' },
127 warn EBADENGINE   current: { node: 'v14.15.0', npm: '8.5.5' }
127 warn EBADENGINE }
128 warn EBADENGINE Unsupported engine {
128 warn EBADENGINE   package: 'eslint-visitor-keys@3.3.0',
128 warn EBADENGINE   required: { node: '^12.22.0 || ^14.17.0 || >=16.0.0' },
128 warn EBADENGINE   current: { node: 'v14.15.0', npm: '8.5.5' }
128 warn EBADENGINE }
129 warn EBADENGINE Unsupported engine {
129 warn EBADENGINE   package: 'espree@9.3.1',
129 warn EBADENGINE   required: { node: '^12.22.0 || ^14.17.0 || >=16.0.0' },
129 warn EBADENGINE   current: { node: 'v14.15.0', npm: '8.5.5' }
129 warn EBADENGINE }
130 timing idealTree Completed in 3569ms
131 timing reify:loadTrees Completed in 3570ms
132 timing reify:diffTrees Completed in 86ms
133 silly reify moves {}
134 timing reify:retireShallow Completed in 0ms
135 timing reify:createSparse Completed in 49ms
136 timing reify:loadBundles Completed in 0ms
137 silly audit bulk request {
137 silly audit   '@babel/code-frame': [ '7.16.7' ],
137 silly audit   '@babel/generator': [ '7.17.7' ],
137 silly audit   '@babel/helper-annotate-as-pure': [ '7.16.7' ],
137 silly audit   '@babel/helper-environment-visitor': [ '7.16.7' ],
137 silly audit   '@babel/helper-function-name': [ '7.16.7' ],
137 silly audit   '@babel/helper-get-function-arity': [ '7.16.7' ],
137 silly audit   '@babel/helper-hoist-variables': [ '7.16.7' ],
137 silly audit   '@babel/helper-module-imports': [ '7.16.7' ],
137 silly audit   '@babel/helper-split-export-declaration': [ '7.16.7' ],
137 silly audit   '@babel/helper-validator-identifier': [ '7.16.7' ],
137 silly audit   '@babel/highlight': [ '7.16.10' ],
137 silly audit   'ansi-styles': [ '3.2.1', '4.3.0' ],
137 silly audit   chalk: [ '2.4.2', '4.1.2' ],
137 silly audit   'color-convert': [ '1.9.3', '2.0.1' ],
137 silly audit   'color-name': [ '1.1.3', '1.1.4' ],
137 silly audit   'escape-string-regexp': [ '1.0.5', '4.0.0' ],
137 silly audit   'has-flag': [ '3.0.0', '4.0.0' ],
137 silly audit   'supports-color': [ '5.5.0', '7.2.0' ],
137 silly audit   '@babel/parser': [ '7.17.8' ],
137 silly audit   '@babel/runtime': [ '7.17.8' ],
137 silly audit   '@babel/runtime-corejs3': [ '7.17.8' ],
137 silly audit   '@babel/template': [ '7.16.7' ],
137 silly audit   '@babel/traverse': [ '7.17.3' ],
137 silly audit   globals: [ '11.12.0', '13.13.0' ],
137 silly audit   '@babel/types': [ '7.17.0' ],
137 silly audit   '@emotion/is-prop-valid': [ '1.1.2', '0.8.8' ],
137 silly audit   '@emotion/memoize': [ '0.7.5', '0.7.4' ],
137 silly audit   '@emotion/stylis': [ '0.8.5' ],
137 silly audit   '@emotion/unitless': [ '0.7.5' ],
137 silly audit   '@eslint/eslintrc': [ '1.2.1' ],
137 silly audit   '@humanwhocodes/config-array': [ '0.9.5' ],
137 silly audit   '@humanwhocodes/object-schema': [ '1.2.1' ],
137 silly audit   '@next/env': [ '12.1.0' ],
137 silly audit   '@next/eslint-plugin-next': [ '12.1.0' ],
137 silly audit   '@next/swc-android-arm64': [ '12.1.0' ],
137 silly audit   '@next/swc-darwin-arm64': [ '12.1.0' ],
137 silly audit   '@next/swc-darwin-x64': [ '12.1.0' ],
137 silly audit   '@next/swc-linux-arm-gnueabihf': [ '12.1.0' ],
137 silly audit   '@next/swc-linux-arm64-gnu': [ '12.1.0' ],
137 silly audit   '@next/swc-linux-arm64-musl': [ '12.1.0' ],
137 silly audit   '@next/swc-linux-x64-gnu': [ '12.1.0' ],
137 silly audit   '@next/swc-linux-x64-musl': [ '12.1.0' ],
137 silly audit   '@next/swc-win32-arm64-msvc': [ '12.1.0' ],
137 silly audit   '@next/swc-win32-ia32-msvc': [ '12.1.0' ],
137 silly audit   '@next/swc-win32-x64-msvc': [ '12.1.0' ],
137 silly audit   '@nodelib/fs.scandir': [ '2.1.5' ],
137 silly audit   '@nodelib/fs.stat': [ '2.0.5' ],
137 silly audit   '@nodelib/fs.walk': [ '1.2.8' ],
137 silly audit   '@rushstack/eslint-patch': [ '1.1.1' ],
137 silly audit   '@types/hoist-non-react-statics': [ '3.3.1' ],
137 silly audit   '@types/json5': [ '0.0.29' ],
137 silly audit   '@types/prop-types': [ '15.7.4' ],
137 silly audit   '@types/react': [ '17.0.43' ],
137 silly audit   '@types/scheduler': [ '0.16.2' ],
137 silly audit   '@types/styled-components': [ '5.1.24' ],
137 silly audit   '@typescript-eslint/parser': [ '5.16.0' ],
137 silly audit   '@typescript-eslint/scope-manager': [ '5.16.0' ],
137 silly audit   '@typescript-eslint/types': [ '5.16.0' ],
137 silly audit   '@typescript-eslint/typescript-estree': [ '5.16.0' ],
137 silly audit   '@typescript-eslint/visitor-keys': [ '5.16.0' ],
137 silly audit   acorn: [ '8.7.0' ],
137 silly audit   'acorn-jsx': [ '5.3.2' ],
137 silly audit   ajv: [ '6.12.6' ],
137 silly audit   'ansi-regex': [ '5.0.1' ],
137 silly audit   argparse: [ '2.0.1' ],
137 silly audit   'aria-query': [ '4.2.2' ],
137 silly audit   'array-includes': [ '3.1.4' ],
137 silly audit   'array-union': [ '2.1.0' ],
137 silly audit   'array.prototype.flat': [ '1.2.5' ],
137 silly audit   'array.prototype.flatmap': [ '1.2.5' ],
137 silly audit   'ast-types-flow': [ '0.0.7' ],
137 silly audit   'axe-core': [ '4.4.1' ],
137 silly audit   'axobject-query': [ '2.2.0' ],
137 silly audit   'babel-plugin-styled-components': [ '2.0.6' ],
137 silly audit   'babel-plugin-syntax-jsx': [ '6.18.0' ],
137 silly audit   'balanced-match': [ '1.0.2' ],
137 silly audit   'brace-expansion': [ '1.1.11' ],
137 silly audit   braces: [ '3.0.2' ],
137 silly audit   'call-bind': [ '1.0.2' ],
137 silly audit   callsites: [ '3.1.0' ],
137 silly audit   camelize: [ '1.0.0' ],
137 silly audit   'caniuse-lite': [ '1.0.30001320' ],
137 silly audit   'concat-map': [ '0.0.1' ],
137 silly audit   'core-js-pure': [ '3.21.1' ],
137 silly audit   'cross-spawn': [ '7.0.3' ],
137 silly audit   'css-color-keywords': [ '1.0.0' ],
137 silly audit   'css-to-react-native': [ '3.0.0' ],
137 silly audit   csstype: [ '3.0.11' ],
137 silly audit   'damerau-levenshtein': [ '1.0.8' ],
137 silly audit   debug: [ '4.3.4', '3.2.7', '2.6.9' ],
137 silly audit   'deep-is': [ '0.1.4' ],
137 silly audit   'define-properties': [ '1.1.3' ],
137 silly audit   'dir-glob': [ '3.0.1' ],
137 silly audit   doctrine: [ '3.0.0', '2.1.0' ],
137 silly audit   'emoji-regex': [ '9.2.2' ],
137 silly audit   'es-abstract': [ '1.19.1' ],
137 silly audit   'es-to-primitive': [ '1.2.1' ],
137 silly audit   eslint: [ '8.11.0' ],
137 silly audit   'eslint-config-next': [ '12.1.0' ],
137 silly audit   'eslint-import-resolver-node': [ '0.3.6' ],
137 silly audit   'eslint-import-resolver-typescript': [ '2.7.0' ],
137 silly audit   glob: [ '7.2.0', '7.1.7' ],
137 silly audit   'eslint-module-utils': [ '2.7.3' ],
137 silly audit   'eslint-plugin-import': [ '2.25.4' ],
137 silly audit   ms: [ '2.0.0', '2.1.2' ],
137 silly audit   'eslint-plugin-jsx-a11y': [ '6.5.1' ],
137 silly audit   'eslint-plugin-react': [ '7.29.4' ],
137 silly audit   'eslint-plugin-react-hooks': [ '4.3.0' ],
137 silly audit   resolve: [ '2.0.0-next.3', '1.22.0' ],
137 silly audit   semver: [ '6.3.0', '7.3.5' ],
137 silly audit   'eslint-scope': [ '7.1.1' ],
137 silly audit   'eslint-utils': [ '3.0.0' ],
137 silly audit   'eslint-visitor-keys': [ '2.1.0', '3.3.0' ],
137 silly audit   espree: [ '9.3.1' ],
137 silly audit   esquery: [ '1.4.0' ],
137 silly audit   esrecurse: [ '4.3.0' ],
137 silly audit   estraverse: [ '5.3.0' ],
137 silly audit   esutils: [ '2.0.3' ],
137 silly audit   'fast-deep-equal': [ '3.1.3' ],
137 silly audit   'fast-glob': [ '3.2.11' ],
137 silly audit   'glob-parent': [ '5.1.2', '6.0.2' ],
137 silly audit   'fast-json-stable-stringify': [ '2.1.0' ],
137 silly audit   'fast-levenshtein': [ '2.0.6' ],
137 silly audit   fastq: [ '1.13.0' ],
137 silly audit   'file-entry-cache': [ '6.0.1' ],
137 silly audit   'fill-range': [ '7.0.1' ],
137 silly audit   'find-up': [ '2.1.0' ],
137 silly audit   'flat-cache': [ '3.0.4' ],
137 silly audit   flatted: [ '3.2.5' ],
137 silly audit   'framer-motion': [ '6.2.8' ],
137 silly audit   tslib: [ '2.3.1', '1.14.1' ],
137 silly audit   framesync: [ '6.0.1' ],
137 silly audit   'fs.realpath': [ '1.0.0' ],
137 silly audit   'function-bind': [ '1.1.1' ],
137 silly audit   'functional-red-black-tree': [ '1.0.1' ],
137 silly audit   'get-intrinsic': [ '1.1.1' ],
137 silly audit   'get-symbol-description': [ '1.0.0' ],
137 silly audit   globby: [ '11.1.0' ],
137 silly audit   has: [ '1.0.3' ],
137 silly audit   'has-bigints': [ '1.0.1' ],
137 silly audit   'has-symbols': [ '1.0.3' ],
137 silly audit   'has-tostringtag': [ '1.0.0' ],
137 silly audit   'hey-listen': [ '1.0.8' ],
137 silly audit   'hoist-non-react-statics': [ '3.3.2' ],
137 silly audit   ignore: [ '5.2.0' ],
137 silly audit   'import-fresh': [ '3.3.0' ],
137 silly audit   imurmurhash: [ '0.1.4' ],
137 silly audit   inflight: [ '1.0.6' ],
137 silly audit   inherits: [ '2.0.4' ],
137 silly audit   'internal-slot': [ '1.0.3' ],
137 silly audit   'is-bigint': [ '1.0.4' ],
137 silly audit   'is-boolean-object': [ '1.1.2' ],
137 silly audit   'is-callable': [ '1.2.4' ],
137 silly audit   'is-core-module': [ '2.8.1' ],
137 silly audit   'is-date-object': [ '1.0.5' ],
137 silly audit   'is-extglob': [ '2.1.1' ],
137 silly audit   'is-glob': [ '4.0.3' ],
137 silly audit   'is-negative-zero': [ '2.0.2' ],
137 silly audit   'is-number': [ '7.0.0' ],
137 silly audit   'is-number-object': [ '1.0.6' ],
137 silly audit   'is-regex': [ '1.1.4' ],
137 silly audit   'is-shared-array-buffer': [ '1.0.1' ],
137 silly audit   'is-string': [ '1.0.7' ],
137 silly audit   'is-symbol': [ '1.0.4' ],
137 silly audit   'is-weakref': [ '1.0.2' ],
137 silly audit   isexe: [ '2.0.0' ],
137 silly audit   'js-tokens': [ '4.0.0' ],
137 silly audit   'js-yaml': [ '4.1.0' ],
137 silly audit   jsesc: [ '2.5.2' ],
137 silly audit   'json-schema-traverse': [ '0.4.1' ],
137 silly audit   'json-stable-stringify-without-jsonify': [ '1.0.1' ],
137 silly audit   json5: [ '1.0.1', '2.2.1' ],
137 silly audit   'jsx-ast-utils': [ '3.2.1' ],
137 silly audit   'language-subtag-registry': [ '0.3.21' ],
137 silly audit   'language-tags': [ '1.0.5' ],
137 silly audit   levn: [ '0.4.1' ],
137 silly audit   'locate-path': [ '2.0.0' ],
137 silly audit   lodash: [ '4.17.21' ],
137 silly audit   'lodash.merge': [ '4.6.2' ],
137 silly audit   'loose-envify': [ '1.4.0' ],
137 silly audit   'lru-cache': [ '6.0.0' ],
137 silly audit   merge2: [ '1.4.1' ],
137 silly audit   micromatch: [ '4.0.5' ],
137 silly audit   minimatch: [ '3.1.2' ],
137 silly audit   minimist: [ '1.2.6' ],
137 silly audit   nanoid: [ '3.3.1' ],
137 silly audit   'natural-compare': [ '1.4.0' ],
137 silly audit   next: [ '12.1.0' ],
137 silly audit   'object-assign': [ '4.1.1' ],
137 silly audit   'object-inspect': [ '1.12.0' ],
137 silly audit   'object-keys': [ '1.1.1' ],
137 silly audit   'object.assign': [ '4.1.2' ],
137 silly audit   'object.entries': [ '1.1.5' ],
137 silly audit   'object.fromentries': [ '2.0.5' ],
137 silly audit   'object.hasown': [ '1.1.0' ],
137 silly audit   'object.values': [ '1.1.5' ],
137 silly audit   once: [ '1.4.0' ],
137 silly audit   optionator: [ '0.9.1' ],
137 silly audit   'p-limit': [ '1.3.0' ],
137 silly audit   'p-locate': [ '2.0.0' ],
137 silly audit   'p-try': [ '1.0.0' ],
137 silly audit   'parent-module': [ '1.0.1' ],
137 silly audit   'path-exists': [ '3.0.0' ],
137 silly audit   'path-is-absolute': [ '1.0.1' ],
137 silly audit   'path-key': [ '3.1.1' ],
137 silly audit   'path-parse': [ '1.0.7' ],
137 silly audit   'path-type': [ '4.0.0' ],
137 silly audit   picocolors: [ '1.0.0' ],
137 silly audit   picomatch: [ '2.3.1' ],
137 silly audit   popmotion: [ '11.0.3' ],
137 silly audit   postcss: [ '8.4.5' ],
137 silly audit   'postcss-value-parser': [ '4.2.0' ],
137 silly audit   'prelude-ls': [ '1.2.1' ],
137 silly audit   'prop-types': [ '15.8.1' ],
137 silly audit   punycode: [ '2.1.1' ],
137 silly audit   'queue-microtask': [ '1.2.3' ],
137 silly audit   react: [ '17.0.2' ],
137 silly audit   'react-dom': [ '17.0.2' ],
137 silly audit   'react-icons': [ '4.3.1' ],
137 silly audit   'react-is': [ '16.13.1' ],
137 silly audit   'regenerator-runtime': [ '0.13.9' ],
137 silly audit   'regexp.prototype.flags': [ '1.4.1' ],
137 silly audit   regexpp: [ '3.2.0' ],
137 silly audit   'resolve-from': [ '4.0.0' ],
137 silly audit   reusify: [ '1.0.4' ],
137 silly audit   rimraf: [ '3.0.2' ],
137 silly audit   'run-parallel': [ '1.2.0' ],
137 silly audit   scheduler: [ '0.20.2' ],
137 silly audit   shallowequal: [ '1.1.0' ],
137 silly audit   'shebang-command': [ '2.0.0' ],
137 silly audit   'shebang-regex': [ '3.0.0' ],
137 silly audit   'side-channel': [ '1.0.4' ],
137 silly audit   slash: [ '3.0.0' ],
137 silly audit   'source-map': [ '0.5.7' ],
137 silly audit   'source-map-js': [ '1.0.2' ],
137 silly audit   'string.prototype.matchall': [ '4.0.7' ],
137 silly audit   'string.prototype.trimend': [ '1.0.4' ],
137 silly audit   'string.prototype.trimstart': [ '1.0.4' ],
137 silly audit   'strip-ansi': [ '6.0.1' ],
137 silly audit   'strip-bom': [ '3.0.0' ],
137 silly audit   'strip-json-comments': [ '3.1.1' ],
137 silly audit   'style-value-types': [ '5.0.0' ],
137 silly audit   'styled-components': [ '5.3.5' ],
137 silly audit   'styled-jsx': [ '5.0.0' ],
137 silly audit   'supports-preserve-symlinks-flag': [ '1.0.0' ],
137 silly audit   'text-table': [ '0.2.0' ],
137 silly audit   'to-fast-properties': [ '2.0.0' ],
137 silly audit   'to-regex-range': [ '5.0.1' ],
137 silly audit   'tsconfig-paths': [ '3.14.1' ],
137 silly audit   tsutils: [ '3.21.0' ],
137 silly audit   'type-check': [ '0.4.0' ],
137 silly audit   'type-fest': [ '0.20.2' ],
137 silly audit   typescript: [ '4.6.3' ],
137 silly audit   'unbox-primitive': [ '1.0.1' ],
137 silly audit   'uri-js': [ '4.4.1' ],
137 silly audit   'use-subscription': [ '1.5.1' ],
137 silly audit   'v8-compile-cache': [ '2.3.0' ],
137 silly audit   which: [ '2.0.2' ],
137 silly audit   'which-boxed-primitive': [ '1.0.2' ],
137 silly audit   'word-wrap': [ '1.2.3' ],
137 silly audit   wrappy: [ '1.0.2' ],
137 silly audit   yallist: [ '4.0.0' ],
137 silly audit   '@babel/core': [ '7.17.8' ],
137 silly audit   '@ampproject/remapping': [ '2.1.2' ],
137 silly audit   '@babel/helper-compilation-targets': [ '7.17.7' ],
137 silly audit   '@babel/helper-module-transforms': [ '7.17.7' ],
137 silly audit   '@babel/helpers': [ '7.17.8' ],
137 silly audit   'convert-source-map': [ '1.8.0' ],
137 silly audit   gensync: [ '1.0.0-beta.2' ],
137 silly audit   '@jridgewell/trace-mapping': [ '0.3.4' ],
137 silly audit   '@babel/compat-data': [ '7.17.7' ],
137 silly audit   '@babel/helper-validator-option': [ '7.16.7' ],
137 silly audit   browserslist: [ '4.20.2' ],
137 silly audit   '@babel/helper-simple-access': [ '7.17.7' ],
137 silly audit   '@jridgewell/resolve-uri': [ '3.0.5' ],
137 silly audit   '@jridgewell/sourcemap-codec': [ '1.4.11' ],
137 silly audit   'electron-to-chromium': [ '1.4.103' ],
137 silly audit   escalade: [ '3.1.1' ],
137 silly audit   'node-releases': [ '2.0.2' ],
137 silly audit   'safe-buffer': [ '5.1.2' ]
137 silly audit }
138 verbose reify failed optional dependency C:\Users\user\Desktop\state\setstate\node_modules\@next\swc-win32-ia32-msvc
139 silly reify mark deleted [
139 silly reify   'C:\\Users\\user\\Desktop\\state\\setstate\\node_modules\\@next\\swc-win32-ia32-msvc'
139 silly reify ]
140 verbose reify failed optional dependency C:\Users\user\Desktop\state\setstate\node_modules\@next\swc-win32-arm64-msvc
141 silly reify mark deleted [
141 silly reify   'C:\\Users\\user\\Desktop\\state\\setstate\\node_modules\\@next\\swc-win32-arm64-msvc'
141 silly reify ]
142 verbose reify failed optional dependency C:\Users\user\Desktop\state\setstate\node_modules\@next\swc-linux-x64-musl
143 silly reify mark deleted [
143 silly reify   'C:\\Users\\user\\Desktop\\state\\setstate\\node_modules\\@next\\swc-linux-x64-musl'
143 silly reify ]
144 verbose reify failed optional dependency C:\Users\user\Desktop\state\setstate\node_modules\@next\swc-linux-x64-gnu
145 silly reify mark deleted [
145 silly reify   'C:\\Users\\user\\Desktop\\state\\setstate\\node_modules\\@next\\swc-linux-x64-gnu'
145 silly reify ]
146 verbose reify failed optional dependency C:\Users\user\Desktop\state\setstate\node_modules\@next\swc-linux-arm64-musl
147 silly reify mark deleted [
147 silly reify   'C:\\Users\\user\\Desktop\\state\\setstate\\node_modules\\@next\\swc-linux-arm64-musl'
147 silly reify ]
148 verbose reify failed optional dependency C:\Users\user\Desktop\state\setstate\node_modules\@next\swc-linux-arm64-gnu
149 silly reify mark deleted [
149 silly reify   'C:\\Users\\user\\Desktop\\state\\setstate\\node_modules\\@next\\swc-linux-arm64-gnu'
149 silly reify ]
150 verbose reify failed optional dependency C:\Users\user\Desktop\state\setstate\node_modules\@next\swc-linux-arm-gnueabihf
151 silly reify mark deleted [
151 silly reify   'C:\\Users\\user\\Desktop\\state\\setstate\\node_modules\\@next\\swc-linux-arm-gnueabihf'
151 silly reify ]
152 verbose reify failed optional dependency C:\Users\user\Desktop\state\setstate\node_modules\@next\swc-darwin-x64
153 silly reify mark deleted [
153 silly reify   'C:\\Users\\user\\Desktop\\state\\setstate\\node_modules\\@next\\swc-darwin-x64'
153 silly reify ]
154 verbose reify failed optional dependency C:\Users\user\Desktop\state\setstate\node_modules\@next\swc-darwin-arm64
155 silly reify mark deleted [
155 silly reify   'C:\\Users\\user\\Desktop\\state\\setstate\\node_modules\\@next\\swc-darwin-arm64'
155 silly reify ]
156 verbose reify failed optional dependency C:\Users\user\Desktop\state\setstate\node_modules\@next\swc-android-arm64
157 silly reify mark deleted [
157 silly reify   'C:\\Users\\user\\Desktop\\state\\setstate\\node_modules\\@next\\swc-android-arm64'
157 silly reify ]
158 timing reifyNode:node_modules/@next/swc-win32-ia32-msvc Completed in 12ms
159 timing reifyNode:node_modules/@next/swc-win32-arm64-msvc Completed in 12ms
160 timing reifyNode:node_modules/@next/swc-linux-x64-musl Completed in 12ms
161 timing reifyNode:node_modules/@next/swc-linux-x64-gnu Completed in 13ms
162 timing reifyNode:node_modules/@next/swc-linux-arm64-musl Completed in 13ms
163 timing reifyNode:node_modules/@next/swc-linux-arm64-gnu Completed in 12ms
164 timing reifyNode:node_modules/@next/swc-linux-arm-gnueabihf Completed in 12ms
165 timing reifyNode:node_modules/@next/swc-darwin-x64 Completed in 12ms
166 timing reifyNode:node_modules/@next/swc-darwin-arm64 Completed in 12ms
167 timing reifyNode:node_modules/@next/swc-android-arm64 Completed in 12ms
168 silly tarball no local data for safe-buffer@https://registry.npmjs.org/safe-buffer/-/safe-buffer-5.1.2.tgz. Extracting by manifest.
169 silly tarball no local data for node-releases@https://registry.npmjs.org/node-releases/-/node-releases-2.0.2.tgz. Extracting by manifest.
170 silly tarball no local data for escalade@https://registry.npmjs.org/escalade/-/escalade-3.1.1.tgz. Extracting by manifest.
171 silly tarball no local data for electron-to-chromium@https://registry.npmjs.org/electron-to-chromium/-/electron-to-chromium-1.4.103.tgz. Extracting by manifest.
172 silly tarball no local data for @jridgewell/sourcemap-codec@https://registry.npmjs.org/@jridgewell/sourcemap-codec/-/sourcemap-codec-1.4.11.tgz. Extracting by manifest.
173 silly tarball no local data for @jridgewell/resolve-uri@https://registry.npmjs.org/@jridgewell/resolve-uri/-/resolve-uri-3.0.5.tgz. Extracting by manifest.
174 silly tarball no local data for @babel/helper-simple-access@https://registry.npmjs.org/@babel/helper-simple-access/-/helper-simple-access-7.17.7.tgz. Extracting by manifest.
175 silly tarball no local data for browserslist@https://registry.npmjs.org/browserslist/-/browserslist-4.20.2.tgz. Extracting by manifest.
176 silly tarball no local data for @babel/helper-validator-option@https://registry.npmjs.org/@babel/helper-validator-option/-/helper-validator-option-7.16.7.tgz. Extracting by manifest.
177 silly tarball no local data for @babel/compat-data@https://registry.npmjs.org/@babel/compat-data/-/compat-data-7.17.7.tgz. Extracting by manifest.
178 silly tarball no local data for @jridgewell/trace-mapping@https://registry.npmjs.org/@jridgewell/trace-mapping/-/trace-mapping-0.3.4.tgz. Extracting by manifest.
179 silly tarball no local data for gensync@https://registry.npmjs.org/gensync/-/gensync-1.0.0-beta.2.tgz. Extracting by manifest.
180 silly tarball no local data for convert-source-map@https://registry.npmjs.org/convert-source-map/-/convert-source-map-1.8.0.tgz. Extracting by manifest.
181 silly tarball no local data for @babel/helpers@https://registry.npmjs.org/@babel/helpers/-/helpers-7.17.8.tgz. Extracting by manifest.
182 silly tarball no local data for @babel/helper-module-transforms@https://registry.npmjs.org/@babel/helper-module-transforms/-/helper-module-transforms-7.17.7.tgz. Extracting by manifest.
183 silly tarball no local data for @babel/helper-compilation-targets@https://registry.npmjs.org/@babel/helper-compilation-targets/-/helper-compilation-targets-7.17.7.tgz. Extracting by manifest.
184 silly tarball no local data for @ampproject/remapping@https://registry.npmjs.org/@ampproject/remapping/-/remapping-2.1.2.tgz. Extracting by manifest.
185 silly tarball no local data for @babel/core@https://registry.npmjs.org/@babel/core/-/core-7.17.8.tgz. Extracting by manifest.
186 silly tarball no local data for semver@https://registry.npmjs.org/semver/-/semver-6.3.0.tgz. Extracting by manifest.
187 silly tarball no local data for semver@https://registry.npmjs.org/semver/-/semver-6.3.0.tgz. Extracting by manifest.
188 silly tarball no local data for json5@https://registry.npmjs.org/json5/-/json5-2.2.1.tgz. Extracting by manifest.
189 http fetch POST 200 https://registry.npmjs.org/-/npm/v1/security/advisories/bulk 201ms
190 timing auditReport:getReport Completed in 217ms
191 silly audit report {}
192 timing auditReport:init Completed in 0ms
193 timing reify:audit Completed in 219ms
194 http fetch GET 200 https://registry.npmjs.org/safe-buffer/-/safe-buffer-5.1.2.tgz 384ms (cache miss)
195 http fetch GET 200 https://registry.npmjs.org/@babel/helper-simple-access/-/helper-simple-access-7.17.7.tgz 429ms (cache miss)
196 timing reifyNode:node_modules/@babel/helper-simple-access Completed in 492ms
197 timing reifyNode:node_modules/safe-buffer Completed in 515ms
198 http fetch GET 200 https://registry.npmjs.org/@jridgewell/resolve-uri/-/resolve-uri-3.0.5.tgz 505ms (cache miss)
199 http fetch GET 200 https://registry.npmjs.org/@babel/helper-compilation-targets/-/helper-compilation-targets-7.17.7.tgz 547ms (cache miss)
200 timing reifyNode:node_modules/@jridgewell/resolve-uri Completed in 1075ms
201 http fetch GET 200 https://registry.npmjs.org/node-releases/-/node-releases-2.0.2.tgz 1083ms (cache miss)
202 timing reifyNode:node_modules/node-releases Completed in 1129ms
203 http fetch GET 200 https://registry.npmjs.org/@babel/helper-module-transforms/-/helper-module-transforms-7.17.7.tgz 1057ms (cache miss)
204 timing reifyNode:node_modules/@babel/helper-module-transforms Completed in 1169ms
205 http fetch GET 200 https://registry.npmjs.org/convert-source-map/-/convert-source-map-1.8.0.tgz 1075ms (cache miss)
206 timing reifyNode:node_modules/convert-source-map Completed in 1180ms
207 http fetch GET 200 https://registry.npmjs.org/escalade/-/escalade-3.1.1.tgz 1135ms (cache miss)
208 timing reifyNode:node_modules/escalade Completed in 1186ms
209 timing reifyNode:node_modules/@babel/helper-compilation-targets Completed in 1189ms
210 http fetch GET 200 https://registry.npmjs.org/@jridgewell/sourcemap-codec/-/sourcemap-codec-1.4.11.tgz 1156ms (cache miss)
211 timing reifyNode:node_modules/@jridgewell/sourcemap-codec Completed in 1213ms
212 http fetch GET 200 https://registry.npmjs.org/@babel/helper-validator-option/-/helper-validator-option-7.16.7.tgz 1149ms (cache miss)
213 timing reifyNode:node_modules/@babel/helper-validator-option Completed in 1225ms
214 http fetch GET 200 https://registry.npmjs.org/semver/-/semver-6.3.0.tgz 1161ms (cache miss)
215 timing reifyNode:node_modules/@babel/helper-compilation-targets/node_modules/semver Completed in 1294ms
216 http fetch GET 200 https://registry.npmjs.org/semver/-/semver-6.3.0.tgz 1166ms (cache miss)
217 timing reifyNode:node_modules/@babel/core/node_modules/semver Completed in 1308ms
218 http fetch GET 200 https://registry.npmjs.org/gensync/-/gensync-1.0.0-beta.2.tgz 1300ms (cache miss)
219 timing reifyNode:node_modules/gensync Completed in 1399ms
220 http fetch GET 200 https://registry.npmjs.org/@ampproject/remapping/-/remapping-2.1.2.tgz 1287ms (cache miss)
221 timing reifyNode:node_modules/@ampproject/remapping Completed in 1419ms
222 http fetch GET 200 https://registry.npmjs.org/@babel/compat-data/-/compat-data-7.17.7.tgz 1353ms (cache miss)
223 timing reifyNode:node_modules/@babel/compat-data Completed in 1434ms
224 http fetch GET 200 https://registry.npmjs.org/@jridgewell/trace-mapping/-/trace-mapping-0.3.4.tgz 1356ms (cache miss)
225 timing reifyNode:node_modules/@jridgewell/trace-mapping Completed in 1452ms
226 http fetch GET 200 https://registry.npmjs.org/electron-to-chromium/-/electron-to-chromium-1.4.103.tgz 1406ms (cache miss)
227 timing reifyNode:node_modules/electron-to-chromium Completed in 1459ms
228 http fetch GET 200 https://registry.npmjs.org/browserslist/-/browserslist-4.20.2.tgz 1396ms (cache miss)
229 timing reifyNode:node_modules/browserslist Completed in 1468ms
230 http fetch GET 200 https://registry.npmjs.org/@babel/helpers/-/helpers-7.17.8.tgz 1392ms (cache miss)
231 timing reifyNode:node_modules/@babel/helpers Completed in 1500ms
232 http fetch GET 200 https://registry.npmjs.org/json5/-/json5-2.2.1.tgz 1389ms (cache miss)
233 timing reifyNode:node_modules/@babel/core/node_modules/json5 Completed in 1533ms
234 http fetch GET 200 https://registry.npmjs.org/@babel/core/-/core-7.17.8.tgz 1724ms (cache miss)
235 timing reifyNode:node_modules/@babel/core Completed in 1854ms
236 timing reify:unpack Completed in 1859ms
237 timing reify:unretire Completed in 0ms
238 timing build:queue Completed in 4ms
239 timing build:link:node_modules/browserslist Completed in 52ms
240 timing build:link:node_modules/@babel/core/node_modules/json5 Completed in 51ms
241 timing build:link:node_modules/@babel/helper-compilation-targets/node_modules/semver Completed in 50ms
242 timing build:link:node_modules/@babel/core/node_modules/semver Completed in 52ms
243 timing build:link Completed in 53ms
244 timing build:deps Completed in 59ms
245 timing build Completed in 59ms
246 timing reify:build Completed in 59ms
247 timing reify:trash Completed in 7ms
248 timing reify:save Completed in 186ms
249 timing reify Completed in 5935ms
250 silly ADD node_modules/safe-buffer
251 silly ADD node_modules/node-releases
252 silly ADD node_modules/escalade
253 silly ADD node_modules/electron-to-chromium
254 silly ADD node_modules/@jridgewell/sourcemap-codec
255 silly ADD node_modules/@jridgewell/resolve-uri
256 silly ADD node_modules/@babel/helper-simple-access
257 silly ADD node_modules/browserslist
258 silly ADD node_modules/@babel/helper-validator-option
259 silly ADD node_modules/@babel/compat-data
260 silly ADD node_modules/@jridgewell/trace-mapping
261 silly ADD node_modules/gensync
262 silly ADD node_modules/convert-source-map
263 silly ADD node_modules/@babel/helpers
264 silly ADD node_modules/@babel/helper-module-transforms
265 silly ADD node_modules/@babel/helper-compilation-targets
266 silly ADD node_modules/@babel/helper-compilation-targets/node_modules/semver
267 silly ADD node_modules/@ampproject/remapping
268 silly ADD node_modules/@babel/core
269 silly ADD node_modules/@babel/core/node_modules/semver
270 silly ADD node_modules/@babel/core/node_modules/json5
271 silly ADD
272 silly ADD
273 silly ADD
274 silly ADD
275 silly ADD
276 silly ADD
277 silly ADD
278 silly ADD
279 silly ADD
280 silly ADD
281 timing command:install Completed in 5953ms
282 verbose exit 0
283 timing npm Completed in 6375ms
284 info ok
