0 verbose cli [
0 verbose cli   'C:\\Program Files\\nodejs\\node.exe',
0 verbose cli   'C:\\Users\\user\\AppData\\Roaming\\npm\\node_modules\\npm\\bin\\npm-cli.js',
0 verbose cli   'install',
0 verbose cli   'framer-motion'
0 verbose cli ]
1 info using npm@8.5.5
2 info using node@v14.15.0
3 timing npm:load:whichnode Completed in 0ms
4 timing config:load:defaults Completed in 2ms
5 timing config:load:file:C:\Users\user\AppData\Roaming\npm\node_modules\npm\npmrc Completed in 8ms
6 timing config:load:builtin Completed in 8ms
7 timing config:load:cli Completed in 1ms
8 timing config:load:env Completed in 1ms
9 timing config:load:file:C:\Users\user\Desktop\state\setstate\.npmrc Completed in 0ms
10 timing config:load:project Completed in 3ms
11 timing config:load:file:C:\Users\user\.npmrc Completed in 1ms
12 timing config:load:user Completed in 1ms
13 timing config:load:file:C:\Users\user\AppData\Roaming\npm\etc\npmrc Completed in 0ms
14 timing config:load:global Completed in 0ms
15 timing config:load:validate Completed in 1ms
16 timing config:load:credentials Completed in 1ms
17 timing config:load:setEnvs Completed in 1ms
18 timing config:load Completed in 20ms
19 timing npm:load:configload Completed in 20ms
20 timing npm:load:setTitle Completed in 0ms
21 timing config:load:flatten Completed in 3ms
22 timing npm:load:display Completed in 5ms
23 verbose logfile C:\Users\user\Desktop\state\setstate\_logs\2022-03-27T01_12_18_524Z-debug-0.log
24 timing npm:load:logFile Completed in 7ms
25 timing npm:load:timers Completed in 0ms
26 timing npm:load:configScope Completed in 0ms
27 timing npm:load Completed in 34ms
28 timing arborist:ctor Completed in 1ms
29 timing idealTree:init Completed in 244ms
30 timing idealTree:userRequests Completed in 2ms
31 silly idealTree buildDeps
32 silly fetch manifest framer-motion@*
33 timing arborist:ctor Completed in 1ms
34 http fetch GET 200 https://registry.npmjs.org/framer-motion 1016ms (cache miss)
35 silly fetch manifest react@17.0.2
36 http fetch GET 200 https://registry.npmjs.org/react 234ms (cache updated)
37 silly fetch manifest react-dom@17.0.2
38 http fetch GET 200 https://registry.npmjs.org/react-dom 409ms (cache updated)
39 silly placeDep ROOT framer-motion@6.2.8 OK for: setstate@0.1.0 want: *
40 silly fetch manifest framesync@6.0.1
41 silly fetch manifest hey-listen@^1.0.8
42 silly fetch manifest popmotion@11.0.3
43 silly fetch manifest style-value-types@5.0.0
44 silly fetch manifest tslib@^2.1.0
45 silly fetch manifest @emotion/is-prop-valid@^0.8.2
46 http fetch GET 200 https://registry.npmjs.org/tslib 226ms (cache miss)
47 http fetch GET 200 https://registry.npmjs.org/@emotion%2fis-prop-valid 325ms (cache revalidated)
48 http fetch GET 200 https://registry.npmjs.org/framesync 460ms (cache miss)
49 http fetch GET 200 https://registry.npmjs.org/style-value-types 594ms (cache miss)
50 http fetch GET 200 https://registry.npmjs.org/hey-listen 614ms (cache miss)
51 http fetch GET 200 https://registry.npmjs.org/popmotion 674ms (cache miss)
52 timing idealTree:#root Completed in 2385ms
53 silly placeDep node_modules/framer-motion @emotion/is-prop-valid@0.8.8 OK for: framer-motion@6.2.8 want: ^0.8.2
54 silly placeDep ROOT framesync@6.0.1 OK for: framer-motion@6.2.8 want: 6.0.1
55 silly placeDep ROOT hey-listen@1.0.8 OK for: framer-motion@6.2.8 want: ^1.0.8
56 silly placeDep ROOT popmotion@11.0.3 OK for: framer-motion@6.2.8 want: 11.0.3
57 silly placeDep ROOT style-value-types@5.0.0 OK for: framer-motion@6.2.8 want: 5.0.0
58 silly placeDep node_modules/framer-motion tslib@2.3.1 OK for: framer-motion@6.2.8 want: ^2.1.0
59 silly fetch manifest @emotion/memoize@0.7.4
60 http fetch GET 200 https://registry.npmjs.org/@emotion%2fmemoize 1263ms (cache revalidated)
61 timing idealTree:node_modules/framer-motion Completed in 1277ms
62 silly placeDep node_modules/framesync tslib@2.3.1 OK for: framesync@6.0.1 want: ^2.1.0
63 timing idealTree:node_modules/framesync Completed in 6ms
64 timing idealTree:node_modules/hey-listen Completed in 0ms
65 silly placeDep node_modules/popmotion tslib@2.3.1 OK for: popmotion@11.0.3 want: ^2.1.0
66 timing idealTree:node_modules/popmotion Completed in 5ms
67 silly placeDep node_modules/style-value-types tslib@2.3.1 OK for: style-value-types@5.0.0 want: ^2.1.0
68 timing idealTree:node_modules/style-value-types Completed in 4ms
69 silly placeDep node_modules/framer-motion @emotion/memoize@0.7.4 OK for: @emotion/is-prop-valid@0.8.8 want: 0.7.4
70 timing idealTree:node_modules/framer-motion/node_modules/@emotion/is-prop-valid Completed in 2ms
71 timing idealTree:node_modules/framer-motion/node_modules/@emotion/memoize Completed in 0ms
72 timing idealTree:node_modules/framer-motion/node_modules/tslib Completed in 0ms
73 timing idealTree:node_modules/framesync/node_modules/tslib Completed in 0ms
74 timing idealTree:node_modules/popmotion/node_modules/tslib Completed in 0ms
75 timing idealTree:node_modules/style-value-types/node_modules/tslib Completed in 0ms
76 timing idealTree:buildDeps Completed in 3684ms
77 timing idealTree:fixDepFlags Completed in 5ms
78 warn EBADENGINE Unsupported engine {
78 warn EBADENGINE   package: '@eslint/eslintrc@1.2.1',
78 warn EBADENGINE   required: { node: '^12.22.0 || ^14.17.0 || >=16.0.0' },
78 warn EBADENGINE   current: { node: 'v14.15.0', npm: '8.5.5' }
78 warn EBADENGINE }
79 warn EBADENGINE Unsupported engine {
79 warn EBADENGINE   package: '@typescript-eslint/parser@5.16.0',
79 warn EBADENGINE   required: { node: '^12.22.0 || ^14.17.0 || >=16.0.0' },
79 warn EBADENGINE   current: { node: 'v14.15.0', npm: '8.5.5' }
79 warn EBADENGINE }
80 warn EBADENGINE Unsupported engine {
80 warn EBADENGINE   package: '@typescript-eslint/scope-manager@5.16.0',
80 warn EBADENGINE   required: { node: '^12.22.0 || ^14.17.0 || >=16.0.0' },
80 warn EBADENGINE   current: { node: 'v14.15.0', npm: '8.5.5' }
80 warn EBADENGINE }
81 warn EBADENGINE Unsupported engine {
81 warn EBADENGINE   package: '@typescript-eslint/types@5.16.0',
81 warn EBADENGINE   required: { node: '^12.22.0 || ^14.17.0 || >=16.0.0' },
81 warn EBADENGINE   current: { node: 'v14.15.0', npm: '8.5.5' }
81 warn EBADENGINE }
82 warn EBADENGINE Unsupported engine {
82 warn EBADENGINE   package: '@typescript-eslint/typescript-estree@5.16.0',
82 warn EBADENGINE   required: { node: '^12.22.0 || ^14.17.0 || >=16.0.0' },
82 warn EBADENGINE   current: { node: 'v14.15.0', npm: '8.5.5' }
82 warn EBADENGINE }
83 warn EBADENGINE Unsupported engine {
83 warn EBADENGINE   package: '@typescript-eslint/visitor-keys@5.16.0',
83 warn EBADENGINE   required: { node: '^12.22.0 || ^14.17.0 || >=16.0.0' },
83 warn EBADENGINE   current: { node: 'v14.15.0', npm: '8.5.5' }
83 warn EBADENGINE }
84 warn EBADENGINE Unsupported engine {
84 warn EBADENGINE   package: 'eslint@8.11.0',
84 warn EBADENGINE   required: { node: '^12.22.0 || ^14.17.0 || >=16.0.0' },
84 warn EBADENGINE   current: { node: 'v14.15.0', npm: '8.5.5' }
84 warn EBADENGINE }
85 warn EBADENGINE Unsupported engine {
85 warn EBADENGINE   package: 'eslint-scope@7.1.1',
85 warn EBADENGINE   required: { node: '^12.22.0 || ^14.17.0 || >=16.0.0' },
85 warn EBADENGINE   current: { node: 'v14.15.0', npm: '8.5.5' }
85 warn EBADENGINE }
86 warn EBADENGINE Unsupported engine {
86 warn EBADENGINE   package: 'eslint-visitor-keys@3.3.0',
86 warn EBADENGINE   required: { node: '^12.22.0 || ^14.17.0 || >=16.0.0' },
86 warn EBADENGINE   current: { node: 'v14.15.0', npm: '8.5.5' }
86 warn EBADENGINE }
87 warn EBADENGINE Unsupported engine {
87 warn EBADENGINE   package: 'espree@9.3.1',
87 warn EBADENGINE   required: { node: '^12.22.0 || ^14.17.0 || >=16.0.0' },
87 warn EBADENGINE   current: { node: 'v14.15.0', npm: '8.5.5' }
87 warn EBADENGINE }
88 timing idealTree Completed in 4007ms
89 timing reify:loadTrees Completed in 4009ms
90 timing reify:diffTrees Completed in 13ms
91 silly reify moves {}
92 timing reify:retireShallow Completed in 1ms
93 timing reify:createSparse Completed in 21ms
94 timing reify:loadBundles Completed in 0ms
95 silly audit bulk request {
95 silly audit   '@babel/code-frame': [ '7.16.7' ],
95 silly audit   '@babel/generator': [ '7.17.7' ],
95 silly audit   '@babel/helper-annotate-as-pure': [ '7.16.7' ],
95 silly audit   '@babel/helper-environment-visitor': [ '7.16.7' ],
95 silly audit   '@babel/helper-function-name': [ '7.16.7' ],
95 silly audit   '@babel/helper-get-function-arity': [ '7.16.7' ],
95 silly audit   '@babel/helper-hoist-variables': [ '7.16.7' ],
95 silly audit   '@babel/helper-module-imports': [ '7.16.7' ],
95 silly audit   '@babel/helper-split-export-declaration': [ '7.16.7' ],
95 silly audit   '@babel/helper-validator-identifier': [ '7.16.7' ],
95 silly audit   '@babel/highlight': [ '7.16.10' ],
95 silly audit   'ansi-styles': [ '3.2.1', '4.3.0' ],
95 silly audit   chalk: [ '2.4.2', '4.1.2' ],
95 silly audit   'color-convert': [ '1.9.3', '2.0.1' ],
95 silly audit   'color-name': [ '1.1.3', '1.1.4' ],
95 silly audit   'escape-string-regexp': [ '1.0.5', '4.0.0' ],
95 silly audit   'has-flag': [ '3.0.0', '4.0.0' ],
95 silly audit   'supports-color': [ '5.5.0', '7.2.0' ],
95 silly audit   '@babel/parser': [ '7.17.8' ],
95 silly audit   '@babel/runtime': [ '7.17.8' ],
95 silly audit   '@babel/runtime-corejs3': [ '7.17.8' ],
95 silly audit   '@babel/template': [ '7.16.7' ],
95 silly audit   '@babel/traverse': [ '7.17.3' ],
95 silly audit   globals: [ '11.12.0', '13.13.0' ],
95 silly audit   '@babel/types': [ '7.17.0' ],
95 silly audit   '@emotion/is-prop-valid': [ '1.1.2', '0.8.8' ],
95 silly audit   '@emotion/memoize': [ '0.7.5', '0.7.4' ],
95 silly audit   '@emotion/stylis': [ '0.8.5' ],
95 silly audit   '@emotion/unitless': [ '0.7.5' ],
95 silly audit   '@eslint/eslintrc': [ '1.2.1' ],
95 silly audit   '@humanwhocodes/config-array': [ '0.9.5' ],
95 silly audit   '@humanwhocodes/object-schema': [ '1.2.1' ],
95 silly audit   '@next/env': [ '12.1.0' ],
95 silly audit   '@next/eslint-plugin-next': [ '12.1.0' ],
95 silly audit   '@next/swc-android-arm64': [ '12.1.0' ],
95 silly audit   '@next/swc-darwin-arm64': [ '12.1.0' ],
95 silly audit   '@next/swc-darwin-x64': [ '12.1.0' ],
95 silly audit   '@next/swc-linux-arm-gnueabihf': [ '12.1.0' ],
95 silly audit   '@next/swc-linux-arm64-gnu': [ '12.1.0' ],
95 silly audit   '@next/swc-linux-arm64-musl': [ '12.1.0' ],
95 silly audit   '@next/swc-linux-x64-gnu': [ '12.1.0' ],
95 silly audit   '@next/swc-linux-x64-musl': [ '12.1.0' ],
95 silly audit   '@next/swc-win32-arm64-msvc': [ '12.1.0' ],
95 silly audit   '@next/swc-win32-ia32-msvc': [ '12.1.0' ],
95 silly audit   '@next/swc-win32-x64-msvc': [ '12.1.0' ],
95 silly audit   '@nodelib/fs.scandir': [ '2.1.5' ],
95 silly audit   '@nodelib/fs.stat': [ '2.0.5' ],
95 silly audit   '@nodelib/fs.walk': [ '1.2.8' ],
95 silly audit   '@rushstack/eslint-patch': [ '1.1.1' ],
95 silly audit   '@types/json5': [ '0.0.29' ],
95 silly audit   '@typescript-eslint/parser': [ '5.16.0' ],
95 silly audit   '@typescript-eslint/scope-manager': [ '5.16.0' ],
95 silly audit   '@typescript-eslint/types': [ '5.16.0' ],
95 silly audit   '@typescript-eslint/typescript-estree': [ '5.16.0' ],
95 silly audit   '@typescript-eslint/visitor-keys': [ '5.16.0' ],
95 silly audit   acorn: [ '8.7.0' ],
95 silly audit   'acorn-jsx': [ '5.3.2' ],
95 silly audit   ajv: [ '6.12.6' ],
95 silly audit   'ansi-regex': [ '5.0.1' ],
95 silly audit   argparse: [ '2.0.1' ],
95 silly audit   'aria-query': [ '4.2.2' ],
95 silly audit   'array-includes': [ '3.1.4' ],
95 silly audit   'array-union': [ '2.1.0' ],
95 silly audit   'array.prototype.flat': [ '1.2.5' ],
95 silly audit   'array.prototype.flatmap': [ '1.2.5' ],
95 silly audit   'ast-types-flow': [ '0.0.7' ],
95 silly audit   'axe-core': [ '4.4.1' ],
95 silly audit   'axobject-query': [ '2.2.0' ],
95 silly audit   'babel-plugin-styled-components': [ '2.0.6' ],
95 silly audit   'babel-plugin-syntax-jsx': [ '6.18.0' ],
95 silly audit   'balanced-match': [ '1.0.2' ],
95 silly audit   'brace-expansion': [ '1.1.11' ],
95 silly audit   braces: [ '3.0.2' ],
95 silly audit   'call-bind': [ '1.0.2' ],
95 silly audit   callsites: [ '3.1.0' ],
95 silly audit   camelize: [ '1.0.0' ],
95 silly audit   'caniuse-lite': [ '1.0.30001320' ],
95 silly audit   'concat-map': [ '0.0.1' ],
95 silly audit   'core-js-pure': [ '3.21.1' ],
95 silly audit   'cross-spawn': [ '7.0.3' ],
95 silly audit   'css-color-keywords': [ '1.0.0' ],
95 silly audit   'css-to-react-native': [ '3.0.0' ],
95 silly audit   'damerau-levenshtein': [ '1.0.8' ],
95 silly audit   debug: [ '4.3.4', '3.2.7', '2.6.9' ],
95 silly audit   'deep-is': [ '0.1.4' ],
95 silly audit   'define-properties': [ '1.1.3' ],
95 silly audit   'dir-glob': [ '3.0.1' ],
95 silly audit   doctrine: [ '3.0.0', '2.1.0' ],
95 silly audit   'emoji-regex': [ '9.2.2' ],
95 silly audit   'es-abstract': [ '1.19.1' ],
95 silly audit   'es-to-primitive': [ '1.2.1' ],
95 silly audit   eslint: [ '8.11.0' ],
95 silly audit   'eslint-config-next': [ '12.1.0' ],
95 silly audit   'eslint-import-resolver-node': [ '0.3.6' ],
95 silly audit   'eslint-import-resolver-typescript': [ '2.7.0' ],
95 silly audit   glob: [ '7.2.0', '7.1.7' ],
95 silly audit   'eslint-module-utils': [ '2.7.3' ],
95 silly audit   'eslint-plugin-import': [ '2.25.4' ],
95 silly audit   ms: [ '2.0.0', '2.1.2' ],
95 silly audit   'eslint-plugin-jsx-a11y': [ '6.5.1' ],
95 silly audit   'eslint-plugin-react': [ '7.29.4' ],
95 silly audit   'eslint-plugin-react-hooks': [ '4.3.0' ],
95 silly audit   resolve: [ '2.0.0-next.3', '1.22.0' ],
95 silly audit   semver: [ '6.3.0', '7.3.5' ],
95 silly audit   'eslint-scope': [ '7.1.1' ],
95 silly audit   'eslint-utils': [ '3.0.0' ],
95 silly audit   'eslint-visitor-keys': [ '2.1.0', '3.3.0' ],
95 silly audit   espree: [ '9.3.1' ],
95 silly audit   esquery: [ '1.4.0' ],
95 silly audit   esrecurse: [ '4.3.0' ],
95 silly audit   estraverse: [ '5.3.0' ],
95 silly audit   esutils: [ '2.0.3' ],
95 silly audit   'fast-deep-equal': [ '3.1.3' ],
95 silly audit   'fast-glob': [ '3.2.11' ],
95 silly audit   'glob-parent': [ '5.1.2', '6.0.2' ],
95 silly audit   'fast-json-stable-stringify': [ '2.1.0' ],
95 silly audit   'fast-levenshtein': [ '2.0.6' ],
95 silly audit   fastq: [ '1.13.0' ],
95 silly audit   'file-entry-cache': [ '6.0.1' ],
95 silly audit   'fill-range': [ '7.0.1' ],
95 silly audit   'find-up': [ '2.1.0' ],
95 silly audit   'flat-cache': [ '3.0.4' ],
95 silly audit   flatted: [ '3.2.5' ],
95 silly audit   'fs.realpath': [ '1.0.0' ],
95 silly audit   'function-bind': [ '1.1.1' ],
95 silly audit   'functional-red-black-tree': [ '1.0.1' ],
95 silly audit   'get-intrinsic': [ '1.1.1' ],
95 silly audit   'get-symbol-description': [ '1.0.0' ],
95 silly audit   globby: [ '11.1.0' ],
95 silly audit   has: [ '1.0.3' ],
95 silly audit   'has-bigints': [ '1.0.1' ],
95 silly audit   'has-symbols': [ '1.0.3' ],
95 silly audit   'has-tostringtag': [ '1.0.0' ],
95 silly audit   'hoist-non-react-statics': [ '3.3.2' ],
95 silly audit   ignore: [ '5.2.0' ],
95 silly audit   'import-fresh': [ '3.3.0' ],
95 silly audit   imurmurhash: [ '0.1.4' ],
95 silly audit   inflight: [ '1.0.6' ],
95 silly audit   inherits: [ '2.0.4' ],
95 silly audit   'internal-slot': [ '1.0.3' ],
95 silly audit   'is-bigint': [ '1.0.4' ],
95 silly audit   'is-boolean-object': [ '1.1.2' ],
95 silly audit   'is-callable': [ '1.2.4' ],
95 silly audit   'is-core-module': [ '2.8.1' ],
95 silly audit   'is-date-object': [ '1.0.5' ],
95 silly audit   'is-extglob': [ '2.1.1' ],
95 silly audit   'is-glob': [ '4.0.3' ],
95 silly audit   'is-negative-zero': [ '2.0.2' ],
95 silly audit   'is-number': [ '7.0.0' ],
95 silly audit   'is-number-object': [ '1.0.6' ],
95 silly audit   'is-regex': [ '1.1.4' ],
95 silly audit   'is-shared-array-buffer': [ '1.0.1' ],
95 silly audit   'is-string': [ '1.0.7' ],
95 silly audit   'is-symbol': [ '1.0.4' ],
95 silly audit   'is-weakref': [ '1.0.2' ],
95 silly audit   isexe: [ '2.0.0' ],
95 silly audit   'js-tokens': [ '4.0.0' ],
95 silly audit   'js-yaml': [ '4.1.0' ],
95 silly audit   jsesc: [ '2.5.2' ],
95 silly audit   'json-schema-traverse': [ '0.4.1' ],
95 silly audit   'json-stable-stringify-without-jsonify': [ '1.0.1' ],
95 silly audit   json5: [ '1.0.1' ],
95 silly audit   'jsx-ast-utils': [ '3.2.1' ],
95 silly audit   'language-subtag-registry': [ '0.3.21' ],
95 silly audit   'language-tags': [ '1.0.5' ],
95 silly audit   levn: [ '0.4.1' ],
95 silly audit   'locate-path': [ '2.0.0' ],
95 silly audit   lodash: [ '4.17.21' ],
95 silly audit   'lodash.merge': [ '4.6.2' ],
95 silly audit   'loose-envify': [ '1.4.0' ],
95 silly audit   'lru-cache': [ '6.0.0' ],
95 silly audit   merge2: [ '1.4.1' ],
95 silly audit   micromatch: [ '4.0.5' ],
95 silly audit   minimatch: [ '3.1.2' ],
95 silly audit   minimist: [ '1.2.6' ],
95 silly audit   nanoid: [ '3.3.1' ],
95 silly audit   'natural-compare': [ '1.4.0' ],
95 silly audit   next: [ '12.1.0' ],
95 silly audit   'object-assign': [ '4.1.1' ],
95 silly audit   'object-inspect': [ '1.12.0' ],
95 silly audit   'object-keys': [ '1.1.1' ],
95 silly audit   'object.assign': [ '4.1.2' ],
95 silly audit   'object.entries': [ '1.1.5' ],
95 silly audit   'object.fromentries': [ '2.0.5' ],
95 silly audit   'object.hasown': [ '1.1.0' ],
95 silly audit   'object.values': [ '1.1.5' ],
95 silly audit   once: [ '1.4.0' ],
95 silly audit   optionator: [ '0.9.1' ],
95 silly audit   'p-limit': [ '1.3.0' ],
95 silly audit   'p-locate': [ '2.0.0' ],
95 silly audit   'p-try': [ '1.0.0' ],
95 silly audit   'parent-module': [ '1.0.1' ],
95 silly audit   'path-exists': [ '3.0.0' ],
95 silly audit   'path-is-absolute': [ '1.0.1' ],
95 silly audit   'path-key': [ '3.1.1' ],
95 silly audit   'path-parse': [ '1.0.7' ],
95 silly audit   'path-type': [ '4.0.0' ],
95 silly audit   picocolors: [ '1.0.0' ],
95 silly audit   picomatch: [ '2.3.1' ],
95 silly audit   postcss: [ '8.4.5' ],
95 silly audit   'postcss-value-parser': [ '4.2.0' ],
95 silly audit   'prelude-ls': [ '1.2.1' ],
95 silly audit   'prop-types': [ '15.8.1' ],
95 silly audit   punycode: [ '2.1.1' ],
95 silly audit   'queue-microtask': [ '1.2.3' ],
95 silly audit   react: [ '17.0.2' ],
95 silly audit   'react-dom': [ '17.0.2' ],
95 silly audit   'react-is': [ '16.13.1' ],
95 silly audit   'regenerator-runtime': [ '0.13.9' ],
95 silly audit   'regexp.prototype.flags': [ '1.4.1' ],
95 silly audit   regexpp: [ '3.2.0' ],
95 silly audit   'resolve-from': [ '4.0.0' ],
95 silly audit   reusify: [ '1.0.4' ],
95 silly audit   rimraf: [ '3.0.2' ],
95 silly audit   'run-parallel': [ '1.2.0' ],
95 silly audit   scheduler: [ '0.20.2' ],
95 silly audit   shallowequal: [ '1.1.0' ],
95 silly audit   'shebang-command': [ '2.0.0' ],
95 silly audit   'shebang-regex': [ '3.0.0' ],
95 silly audit   'side-channel': [ '1.0.4' ],
95 silly audit   slash: [ '3.0.0' ],
95 silly audit   'source-map': [ '0.5.7' ],
95 silly audit   'source-map-js': [ '1.0.2' ],
95 silly audit   'string.prototype.matchall': [ '4.0.7' ],
95 silly audit   'string.prototype.trimend': [ '1.0.4' ],
95 silly audit   'string.prototype.trimstart': [ '1.0.4' ],
95 silly audit   'strip-ansi': [ '6.0.1' ],
95 silly audit   'strip-bom': [ '3.0.0' ],
95 silly audit   'strip-json-comments': [ '3.1.1' ],
95 silly audit   'styled-components': [ '5.3.5' ],
95 silly audit   'styled-jsx': [ '5.0.0' ],
95 silly audit   'supports-preserve-symlinks-flag': [ '1.0.0' ],
95 silly audit   'text-table': [ '0.2.0' ],
95 silly audit   'to-fast-properties': [ '2.0.0' ],
95 silly audit   'to-regex-range': [ '5.0.1' ],
95 silly audit   'tsconfig-paths': [ '3.14.1' ],
95 silly audit   tslib: [ '1.14.1', '2.3.1' ],
95 silly audit   tsutils: [ '3.21.0' ],
95 silly audit   'type-check': [ '0.4.0' ],
95 silly audit   'type-fest': [ '0.20.2' ],
95 silly audit   typescript: [ '4.6.3' ],
95 silly audit   'unbox-primitive': [ '1.0.1' ],
95 silly audit   'uri-js': [ '4.4.1' ],
95 silly audit   'use-subscription': [ '1.5.1' ],
95 silly audit   'v8-compile-cache': [ '2.3.0' ],
95 silly audit   which: [ '2.0.2' ],
95 silly audit   'which-boxed-primitive': [ '1.0.2' ],
95 silly audit   'word-wrap': [ '1.2.3' ],
95 silly audit   wrappy: [ '1.0.2' ],
95 silly audit   yallist: [ '4.0.0' ],
95 silly audit   'framer-motion': [ '6.2.8' ],
95 silly audit   framesync: [ '6.0.1' ],
95 silly audit   'hey-listen': [ '1.0.8' ],
95 silly audit   popmotion: [ '11.0.3' ],
95 silly audit   'style-value-types': [ '5.0.0' ]
95 silly audit }
96 verbose reify failed optional dependency C:\Users\user\Desktop\state\setstate\node_modules\@next\swc-win32-ia32-msvc
97 silly reify mark deleted [
97 silly reify   'C:\\Users\\user\\Desktop\\state\\setstate\\node_modules\\@next\\swc-win32-ia32-msvc'
97 silly reify ]
98 verbose reify failed optional dependency C:\Users\user\Desktop\state\setstate\node_modules\@next\swc-win32-arm64-msvc
99 silly reify mark deleted [
99 silly reify   'C:\\Users\\user\\Desktop\\state\\setstate\\node_modules\\@next\\swc-win32-arm64-msvc'
99 silly reify ]
100 verbose reify failed optional dependency C:\Users\user\Desktop\state\setstate\node_modules\@next\swc-linux-x64-musl
101 silly reify mark deleted [
101 silly reify   'C:\\Users\\user\\Desktop\\state\\setstate\\node_modules\\@next\\swc-linux-x64-musl'
101 silly reify ]
102 verbose reify failed optional dependency C:\Users\user\Desktop\state\setstate\node_modules\@next\swc-linux-x64-gnu
103 silly reify mark deleted [
103 silly reify   'C:\\Users\\user\\Desktop\\state\\setstate\\node_modules\\@next\\swc-linux-x64-gnu'
103 silly reify ]
104 verbose reify failed optional dependency C:\Users\user\Desktop\state\setstate\node_modules\@next\swc-linux-arm64-musl
105 silly reify mark deleted [
105 silly reify   'C:\\Users\\user\\Desktop\\state\\setstate\\node_modules\\@next\\swc-linux-arm64-musl'
105 silly reify ]
106 verbose reify failed optional dependency C:\Users\user\Desktop\state\setstate\node_modules\@next\swc-linux-arm64-gnu
107 silly reify mark deleted [
107 silly reify   'C:\\Users\\user\\Desktop\\state\\setstate\\node_modules\\@next\\swc-linux-arm64-gnu'
107 silly reify ]
108 verbose reify failed optional dependency C:\Users\user\Desktop\state\setstate\node_modules\@next\swc-linux-arm-gnueabihf
109 silly reify mark deleted [
109 silly reify   'C:\\Users\\user\\Desktop\\state\\setstate\\node_modules\\@next\\swc-linux-arm-gnueabihf'
109 silly reify ]
110 verbose reify failed optional dependency C:\Users\user\Desktop\state\setstate\node_modules\@next\swc-darwin-x64
111 silly reify mark deleted [
111 silly reify   'C:\\Users\\user\\Desktop\\state\\setstate\\node_modules\\@next\\swc-darwin-x64'
111 silly reify ]
112 verbose reify failed optional dependency C:\Users\user\Desktop\state\setstate\node_modules\@next\swc-darwin-arm64
113 silly reify mark deleted [
113 silly reify   'C:\\Users\\user\\Desktop\\state\\setstate\\node_modules\\@next\\swc-darwin-arm64'
113 silly reify ]
114 verbose reify failed optional dependency C:\Users\user\Desktop\state\setstate\node_modules\@next\swc-android-arm64
115 silly reify mark deleted [
115 silly reify   'C:\\Users\\user\\Desktop\\state\\setstate\\node_modules\\@next\\swc-android-arm64'
115 silly reify ]
116 timing reifyNode:node_modules/@next/swc-win32-ia32-msvc Completed in 14ms
117 timing reifyNode:node_modules/@next/swc-win32-arm64-msvc Completed in 14ms
118 timing reifyNode:node_modules/@next/swc-linux-x64-musl Completed in 14ms
119 timing reifyNode:node_modules/@next/swc-linux-x64-gnu Completed in 14ms
120 timing reifyNode:node_modules/@next/swc-linux-arm64-musl Completed in 13ms
121 timing reifyNode:node_modules/@next/swc-linux-arm64-gnu Completed in 13ms
122 timing reifyNode:node_modules/@next/swc-linux-arm-gnueabihf Completed in 13ms
123 timing reifyNode:node_modules/@next/swc-darwin-x64 Completed in 13ms
124 timing reifyNode:node_modules/@next/swc-darwin-arm64 Completed in 13ms
125 timing reifyNode:node_modules/@next/swc-android-arm64 Completed in 13ms
126 silly tarball no local data for style-value-types@https://registry.npmjs.org/style-value-types/-/style-value-types-5.0.0.tgz. Extracting by manifest.
127 silly tarball no local data for popmotion@https://registry.npmjs.org/popmotion/-/popmotion-11.0.3.tgz. Extracting by manifest.
128 silly tarball no local data for hey-listen@https://registry.npmjs.org/hey-listen/-/hey-listen-1.0.8.tgz. Extracting by manifest.
129 silly tarball no local data for framesync@https://registry.npmjs.org/framesync/-/framesync-6.0.1.tgz. Extracting by manifest.
130 silly tarball no local data for framer-motion@https://registry.npmjs.org/framer-motion/-/framer-motion-6.2.8.tgz. Extracting by manifest.
131 silly tarball no local data for tslib@https://registry.npmjs.org/tslib/-/tslib-2.3.1.tgz. Extracting by manifest.
132 silly tarball no local data for tslib@https://registry.npmjs.org/tslib/-/tslib-2.3.1.tgz. Extracting by manifest.
133 silly tarball no local data for tslib@https://registry.npmjs.org/tslib/-/tslib-2.3.1.tgz. Extracting by manifest.
134 silly tarball no local data for @emotion/memoize@https://registry.npmjs.org/@emotion/memoize/-/memoize-0.7.4.tgz. Extracting by manifest.
135 silly tarball no local data for tslib@https://registry.npmjs.org/tslib/-/tslib-2.3.1.tgz. Extracting by manifest.
136 silly tarball no local data for @emotion/is-prop-valid@https://registry.npmjs.org/@emotion/is-prop-valid/-/is-prop-valid-0.8.8.tgz. Extracting by manifest.
137 http fetch POST 200 https://registry.npmjs.org/-/npm/v1/security/advisories/bulk 210ms
138 timing auditReport:getReport Completed in 227ms
139 silly audit report {}
140 timing auditReport:init Completed in 0ms
141 timing reify:audit Completed in 228ms
142 http fetch GET 200 https://registry.npmjs.org/framesync/-/framesync-6.0.1.tgz 188ms (cache miss)
143 http fetch GET 200 https://registry.npmjs.org/style-value-types/-/style-value-types-5.0.0.tgz 219ms (cache miss)
144 http fetch GET 200 https://registry.npmjs.org/hey-listen/-/hey-listen-1.0.8.tgz 694ms (cache miss)
145 timing reifyNode:node_modules/hey-listen Completed in 736ms
146 http fetch GET 200 https://registry.npmjs.org/tslib/-/tslib-2.3.1.tgz 1284ms (cache miss)
147 timing reifyNode:node_modules/framer-motion/node_modules/tslib Completed in 1366ms
148 http fetch GET 200 https://registry.npmjs.org/tslib/-/tslib-2.3.1.tgz 1310ms (cache miss)
149 timing reifyNode:node_modules/popmotion/node_modules/tslib Completed in 1376ms
150 http fetch GET 200 https://registry.npmjs.org/tslib/-/tslib-2.3.1.tgz 1315ms (cache miss)
151 timing reifyNode:node_modules/framesync/node_modules/tslib Completed in 1388ms
152 http fetch GET 200 https://registry.npmjs.org/tslib/-/tslib-2.3.1.tgz 1337ms (cache miss)
153 timing reifyNode:node_modules/style-value-types/node_modules/tslib Completed in 1393ms
154 http fetch GET 200 https://registry.npmjs.org/@emotion/memoize/-/memoize-0.7.4.tgz 1369ms (cache miss)
155 timing reifyNode:node_modules/framer-motion/node_modules/@emotion/memoize Completed in 1446ms
156 timing reifyNode:node_modules/framesync Completed in 1448ms
157 http fetch GET 200 https://registry.npmjs.org/@emotion/is-prop-valid/-/is-prop-valid-0.8.8.tgz 1572ms (cache miss)
158 timing reifyNode:node_modules/framer-motion/node_modules/@emotion/is-prop-valid Completed in 1664ms
159 timing reifyNode:node_modules/style-value-types Completed in 1935ms
160 http fetch GET 200 https://registry.npmjs.org/popmotion/-/popmotion-11.0.3.tgz 2161ms (cache miss)
161 timing reifyNode:node_modules/popmotion Completed in 2198ms
162 http fetch GET 200 https://registry.npmjs.org/framer-motion/-/framer-motion-6.2.8.tgz 3343ms (cache miss)
163 timing reifyNode:node_modules/framer-motion Completed in 3398ms
164 timing reify:unpack Completed in 3400ms
165 timing reify:unretire Completed in 0ms
166 timing build:queue Completed in 2ms
167 timing build:deps Completed in 3ms
168 timing build Completed in 4ms
169 timing reify:build Completed in 4ms
170 timing reify:trash Completed in 4ms
171 timing reify:save Completed in 66ms
172 timing reify Completed in 7599ms
173 silly ADD node_modules/style-value-types
174 silly ADD node_modules/style-value-types/node_modules/tslib
175 silly ADD node_modules/popmotion
176 silly ADD node_modules/popmotion/node_modules/tslib
177 silly ADD node_modules/hey-listen
178 silly ADD node_modules/framesync
179 silly ADD node_modules/framesync/node_modules/tslib
180 silly ADD node_modules/framer-motion
181 silly ADD node_modules/framer-motion/node_modules/@emotion/memoize
182 silly ADD node_modules/framer-motion/node_modules/tslib
183 silly ADD node_modules/framer-motion/node_modules/@emotion/is-prop-valid
184 silly ADD
185 silly ADD
186 silly ADD
187 silly ADD
188 silly ADD
189 silly ADD
190 silly ADD
191 silly ADD
192 silly ADD
193 silly ADD
194 timing command:install Completed in 7616ms
195 verbose exit 0
196 timing npm Completed in 7992ms
197 info ok
