0 verbose cli [
0 verbose cli   'C:\\Program Files\\nodejs\\node.exe',
0 verbose cli   'C:\\Users\\user\\AppData\\Roaming\\npm\\node_modules\\npm\\bin\\npm-cli.js',
0 verbose cli   'i',
0 verbose cli   '--save-dev',
0 verbose cli   '@types/styled-components'
0 verbose cli ]
1 info using npm@8.5.5
2 info using node@v14.15.0
3 timing npm:load:whichnode Completed in 0ms
4 timing config:load:defaults Completed in 2ms
5 timing config:load:file:C:\Users\user\AppData\Roaming\npm\node_modules\npm\npmrc Completed in 9ms
6 timing config:load:builtin Completed in 9ms
7 timing config:load:cli Completed in 2ms
8 timing config:load:env Completed in 1ms
9 timing config:load:file:C:\Users\user\Desktop\state\setstate\.npmrc Completed in 0ms
10 timing config:load:project Completed in 3ms
11 timing config:load:file:C:\Users\user\.npmrc Completed in 1ms
12 timing config:load:user Completed in 1ms
13 timing config:load:file:C:\Users\user\AppData\Roaming\npm\etc\npmrc Completed in 1ms
14 timing config:load:global Completed in 1ms
15 timing config:load:validate Completed in 0ms
16 timing config:load:credentials Completed in 1ms
17 timing config:load:setEnvs Completed in 2ms
18 timing config:load Completed in 22ms
19 timing npm:load:configload Completed in 22ms
20 timing npm:load:setTitle Completed in 1ms
21 timing config:load:flatten Completed in 5ms
22 timing npm:load:display Completed in 8ms
23 verbose logfile C:\Users\user\Desktop\state\setstate\_logs\2022-03-30T01_33_01_467Z-debug-0.log
24 timing npm:load:logFile Completed in 9ms
25 timing npm:load:timers Completed in 0ms
26 timing npm:load:configScope Completed in 0ms
27 timing npm:load Completed in 41ms
28 timing arborist:ctor Completed in 1ms
29 timing idealTree:init Completed in 193ms
30 timing idealTree:userRequests Completed in 3ms
31 silly idealTree buildDeps
32 silly fetch manifest @types/styled-components@*
33 timing arborist:ctor Completed in 0ms
34 http fetch GET 200 https://registry.npmjs.org/@types%2fstyled-components 3212ms (cache miss)
35 silly placeDep ROOT @types/styled-components@5.1.24 OK for: setstate@0.1.0 want: *
36 silly fetch manifest @types/hoist-non-react-statics@*
37 silly fetch manifest @types/react@*
38 silly fetch manifest csstype@^3.0.2
39 http fetch GET 200 https://registry.npmjs.org/@types%2fhoist-non-react-statics 125ms (cache miss)
40 http fetch GET 200 https://registry.npmjs.org/csstype 241ms (cache miss)
41 http fetch GET 200 https://registry.npmjs.org/@types%2freact 309ms (cache miss)
42 timing idealTree:#root Completed in 3534ms
43 silly placeDep ROOT @types/hoist-non-react-statics@3.3.1 OK for: @types/styled-components@5.1.24 want: *
44 silly placeDep ROOT @types/react@17.0.43 OK for: @types/styled-components@5.1.24 want: *
45 silly placeDep ROOT csstype@3.0.11 OK for: @types/styled-components@5.1.24 want: ^3.0.2
46 silly fetch manifest @types/prop-types@*
47 silly fetch manifest @types/scheduler@*
48 http fetch GET 200 https://registry.npmjs.org/@types%2fscheduler 97ms (cache miss)
49 http fetch GET 200 https://registry.npmjs.org/@types%2fprop-types 574ms (cache miss)
50 timing idealTree:node_modules/@types/styled-components Completed in 580ms
51 timing idealTree:node_modules/@types/hoist-non-react-statics Completed in 0ms
52 silly placeDep ROOT @types/prop-types@15.7.4 OK for: @types/react@17.0.43 want: *
53 silly placeDep ROOT @types/scheduler@0.16.2 OK for: @types/react@17.0.43 want: *
54 timing idealTree:node_modules/@types/react Completed in 3ms
55 timing idealTree:node_modules/@types/prop-types Completed in 0ms
56 timing idealTree:node_modules/@types/scheduler Completed in 0ms
57 timing idealTree:node_modules/csstype Completed in 0ms
58 timing idealTree:buildDeps Completed in 4121ms
59 timing idealTree:fixDepFlags Completed in 3ms
60 warn EBADENGINE Unsupported engine {
60 warn EBADENGINE   package: '@eslint/eslintrc@1.2.1',
60 warn EBADENGINE   required: { node: '^12.22.0 || ^14.17.0 || >=16.0.0' },
60 warn EBADENGINE   current: { node: 'v14.15.0', npm: '8.5.5' }
60 warn EBADENGINE }
61 warn EBADENGINE Unsupported engine {
61 warn EBADENGINE   package: '@typescript-eslint/parser@5.16.0',
61 warn EBADENGINE   required: { node: '^12.22.0 || ^14.17.0 || >=16.0.0' },
61 warn EBADENGINE   current: { node: 'v14.15.0', npm: '8.5.5' }
61 warn EBADENGINE }
62 warn EBADENGINE Unsupported engine {
62 warn EBADENGINE   package: '@typescript-eslint/scope-manager@5.16.0',
62 warn EBADENGINE   required: { node: '^12.22.0 || ^14.17.0 || >=16.0.0' },
62 warn EBADENGINE   current: { node: 'v14.15.0', npm: '8.5.5' }
62 warn EBADENGINE }
63 warn EBADENGINE Unsupported engine {
63 warn EBADENGINE   package: '@typescript-eslint/types@5.16.0',
63 warn EBADENGINE   required: { node: '^12.22.0 || ^14.17.0 || >=16.0.0' },
63 warn EBADENGINE   current: { node: 'v14.15.0', npm: '8.5.5' }
63 warn EBADENGINE }
64 warn EBADENGINE Unsupported engine {
64 warn EBADENGINE   package: '@typescript-eslint/typescript-estree@5.16.0',
64 warn EBADENGINE   required: { node: '^12.22.0 || ^14.17.0 || >=16.0.0' },
64 warn EBADENGINE   current: { node: 'v14.15.0', npm: '8.5.5' }
64 warn EBADENGINE }
65 warn EBADENGINE Unsupported engine {
65 warn EBADENGINE   package: '@typescript-eslint/visitor-keys@5.16.0',
65 warn EBADENGINE   required: { node: '^12.22.0 || ^14.17.0 || >=16.0.0' },
65 warn EBADENGINE   current: { node: 'v14.15.0', npm: '8.5.5' }
65 warn EBADENGINE }
66 warn EBADENGINE Unsupported engine {
66 warn EBADENGINE   package: 'eslint@8.11.0',
66 warn EBADENGINE   required: { node: '^12.22.0 || ^14.17.0 || >=16.0.0' },
66 warn EBADENGINE   current: { node: 'v14.15.0', npm: '8.5.5' }
66 warn EBADENGINE }
67 warn EBADENGINE Unsupported engine {
67 warn EBADENGINE   package: 'eslint-scope@7.1.1',
67 warn EBADENGINE   required: { node: '^12.22.0 || ^14.17.0 || >=16.0.0' },
67 warn EBADENGINE   current: { node: 'v14.15.0', npm: '8.5.5' }
67 warn EBADENGINE }
68 warn EBADENGINE Unsupported engine {
68 warn EBADENGINE   package: 'eslint-visitor-keys@3.3.0',
68 warn EBADENGINE   required: { node: '^12.22.0 || ^14.17.0 || >=16.0.0' },
68 warn EBADENGINE   current: { node: 'v14.15.0', npm: '8.5.5' }
68 warn EBADENGINE }
69 warn EBADENGINE Unsupported engine {
69 warn EBADENGINE   package: 'espree@9.3.1',
69 warn EBADENGINE   required: { node: '^12.22.0 || ^14.17.0 || >=16.0.0' },
69 warn EBADENGINE   current: { node: 'v14.15.0', npm: '8.5.5' }
69 warn EBADENGINE }
70 timing idealTree Completed in 4370ms
71 timing reify:loadTrees Completed in 4371ms
72 timing reify:diffTrees Completed in 11ms
73 silly reify moves {}
74 timing reify:retireShallow Completed in 1ms
75 timing reify:createSparse Completed in 11ms
76 timing reify:loadBundles Completed in 0ms
77 silly audit bulk request {
77 silly audit   '@babel/code-frame': [ '7.16.7' ],
77 silly audit   '@babel/generator': [ '7.17.7' ],
77 silly audit   '@babel/helper-annotate-as-pure': [ '7.16.7' ],
77 silly audit   '@babel/helper-environment-visitor': [ '7.16.7' ],
77 silly audit   '@babel/helper-function-name': [ '7.16.7' ],
77 silly audit   '@babel/helper-get-function-arity': [ '7.16.7' ],
77 silly audit   '@babel/helper-hoist-variables': [ '7.16.7' ],
77 silly audit   '@babel/helper-module-imports': [ '7.16.7' ],
77 silly audit   '@babel/helper-split-export-declaration': [ '7.16.7' ],
77 silly audit   '@babel/helper-validator-identifier': [ '7.16.7' ],
77 silly audit   '@babel/highlight': [ '7.16.10' ],
77 silly audit   'ansi-styles': [ '3.2.1', '4.3.0' ],
77 silly audit   chalk: [ '2.4.2', '4.1.2' ],
77 silly audit   'color-convert': [ '1.9.3', '2.0.1' ],
77 silly audit   'color-name': [ '1.1.3', '1.1.4' ],
77 silly audit   'escape-string-regexp': [ '1.0.5', '4.0.0' ],
77 silly audit   'has-flag': [ '3.0.0', '4.0.0' ],
77 silly audit   'supports-color': [ '5.5.0', '7.2.0' ],
77 silly audit   '@babel/parser': [ '7.17.8' ],
77 silly audit   '@babel/runtime': [ '7.17.8' ],
77 silly audit   '@babel/runtime-corejs3': [ '7.17.8' ],
77 silly audit   '@babel/template': [ '7.16.7' ],
77 silly audit   '@babel/traverse': [ '7.17.3' ],
77 silly audit   globals: [ '11.12.0', '13.13.0' ],
77 silly audit   '@babel/types': [ '7.17.0' ],
77 silly audit   '@emotion/is-prop-valid': [ '1.1.2', '0.8.8' ],
77 silly audit   '@emotion/memoize': [ '0.7.5', '0.7.4' ],
77 silly audit   '@emotion/stylis': [ '0.8.5' ],
77 silly audit   '@emotion/unitless': [ '0.7.5' ],
77 silly audit   '@eslint/eslintrc': [ '1.2.1' ],
77 silly audit   '@humanwhocodes/config-array': [ '0.9.5' ],
77 silly audit   '@humanwhocodes/object-schema': [ '1.2.1' ],
77 silly audit   '@next/env': [ '12.1.0' ],
77 silly audit   '@next/eslint-plugin-next': [ '12.1.0' ],
77 silly audit   '@next/swc-android-arm64': [ '12.1.0' ],
77 silly audit   '@next/swc-darwin-arm64': [ '12.1.0' ],
77 silly audit   '@next/swc-darwin-x64': [ '12.1.0' ],
77 silly audit   '@next/swc-linux-arm-gnueabihf': [ '12.1.0' ],
77 silly audit   '@next/swc-linux-arm64-gnu': [ '12.1.0' ],
77 silly audit   '@next/swc-linux-arm64-musl': [ '12.1.0' ],
77 silly audit   '@next/swc-linux-x64-gnu': [ '12.1.0' ],
77 silly audit   '@next/swc-linux-x64-musl': [ '12.1.0' ],
77 silly audit   '@next/swc-win32-arm64-msvc': [ '12.1.0' ],
77 silly audit   '@next/swc-win32-ia32-msvc': [ '12.1.0' ],
77 silly audit   '@next/swc-win32-x64-msvc': [ '12.1.0' ],
77 silly audit   '@nodelib/fs.scandir': [ '2.1.5' ],
77 silly audit   '@nodelib/fs.stat': [ '2.0.5' ],
77 silly audit   '@nodelib/fs.walk': [ '1.2.8' ],
77 silly audit   '@rushstack/eslint-patch': [ '1.1.1' ],
77 silly audit   '@types/json5': [ '0.0.29' ],
77 silly audit   '@typescript-eslint/parser': [ '5.16.0' ],
77 silly audit   '@typescript-eslint/scope-manager': [ '5.16.0' ],
77 silly audit   '@typescript-eslint/types': [ '5.16.0' ],
77 silly audit   '@typescript-eslint/typescript-estree': [ '5.16.0' ],
77 silly audit   '@typescript-eslint/visitor-keys': [ '5.16.0' ],
77 silly audit   acorn: [ '8.7.0' ],
77 silly audit   'acorn-jsx': [ '5.3.2' ],
77 silly audit   ajv: [ '6.12.6' ],
77 silly audit   'ansi-regex': [ '5.0.1' ],
77 silly audit   argparse: [ '2.0.1' ],
77 silly audit   'aria-query': [ '4.2.2' ],
77 silly audit   'array-includes': [ '3.1.4' ],
77 silly audit   'array-union': [ '2.1.0' ],
77 silly audit   'array.prototype.flat': [ '1.2.5' ],
77 silly audit   'array.prototype.flatmap': [ '1.2.5' ],
77 silly audit   'ast-types-flow': [ '0.0.7' ],
77 silly audit   'axe-core': [ '4.4.1' ],
77 silly audit   'axobject-query': [ '2.2.0' ],
77 silly audit   'babel-plugin-styled-components': [ '2.0.6' ],
77 silly audit   'babel-plugin-syntax-jsx': [ '6.18.0' ],
77 silly audit   'balanced-match': [ '1.0.2' ],
77 silly audit   'brace-expansion': [ '1.1.11' ],
77 silly audit   braces: [ '3.0.2' ],
77 silly audit   'call-bind': [ '1.0.2' ],
77 silly audit   callsites: [ '3.1.0' ],
77 silly audit   camelize: [ '1.0.0' ],
77 silly audit   'caniuse-lite': [ '1.0.30001320' ],
77 silly audit   'concat-map': [ '0.0.1' ],
77 silly audit   'core-js-pure': [ '3.21.1' ],
77 silly audit   'cross-spawn': [ '7.0.3' ],
77 silly audit   'css-color-keywords': [ '1.0.0' ],
77 silly audit   'css-to-react-native': [ '3.0.0' ],
77 silly audit   'damerau-levenshtein': [ '1.0.8' ],
77 silly audit   debug: [ '4.3.4', '3.2.7', '2.6.9' ],
77 silly audit   'deep-is': [ '0.1.4' ],
77 silly audit   'define-properties': [ '1.1.3' ],
77 silly audit   'dir-glob': [ '3.0.1' ],
77 silly audit   doctrine: [ '3.0.0', '2.1.0' ],
77 silly audit   'emoji-regex': [ '9.2.2' ],
77 silly audit   'es-abstract': [ '1.19.1' ],
77 silly audit   'es-to-primitive': [ '1.2.1' ],
77 silly audit   eslint: [ '8.11.0' ],
77 silly audit   'eslint-config-next': [ '12.1.0' ],
77 silly audit   'eslint-import-resolver-node': [ '0.3.6' ],
77 silly audit   'eslint-import-resolver-typescript': [ '2.7.0' ],
77 silly audit   glob: [ '7.2.0', '7.1.7' ],
77 silly audit   'eslint-module-utils': [ '2.7.3' ],
77 silly audit   'eslint-plugin-import': [ '2.25.4' ],
77 silly audit   ms: [ '2.0.0', '2.1.2' ],
77 silly audit   'eslint-plugin-jsx-a11y': [ '6.5.1' ],
77 silly audit   'eslint-plugin-react': [ '7.29.4' ],
77 silly audit   'eslint-plugin-react-hooks': [ '4.3.0' ],
77 silly audit   resolve: [ '2.0.0-next.3', '1.22.0' ],
77 silly audit   semver: [ '6.3.0', '7.3.5' ],
77 silly audit   'eslint-scope': [ '7.1.1' ],
77 silly audit   'eslint-utils': [ '3.0.0' ],
77 silly audit   'eslint-visitor-keys': [ '2.1.0', '3.3.0' ],
77 silly audit   espree: [ '9.3.1' ],
77 silly audit   esquery: [ '1.4.0' ],
77 silly audit   esrecurse: [ '4.3.0' ],
77 silly audit   estraverse: [ '5.3.0' ],
77 silly audit   esutils: [ '2.0.3' ],
77 silly audit   'fast-deep-equal': [ '3.1.3' ],
77 silly audit   'fast-glob': [ '3.2.11' ],
77 silly audit   'glob-parent': [ '5.1.2', '6.0.2' ],
77 silly audit   'fast-json-stable-stringify': [ '2.1.0' ],
77 silly audit   'fast-levenshtein': [ '2.0.6' ],
77 silly audit   fastq: [ '1.13.0' ],
77 silly audit   'file-entry-cache': [ '6.0.1' ],
77 silly audit   'fill-range': [ '7.0.1' ],
77 silly audit   'find-up': [ '2.1.0' ],
77 silly audit   'flat-cache': [ '3.0.4' ],
77 silly audit   flatted: [ '3.2.5' ],
77 silly audit   'framer-motion': [ '6.2.8' ],
77 silly audit   tslib: [ '2.3.1', '1.14.1' ],
77 silly audit   framesync: [ '6.0.1' ],
77 silly audit   'fs.realpath': [ '1.0.0' ],
77 silly audit   'function-bind': [ '1.1.1' ],
77 silly audit   'functional-red-black-tree': [ '1.0.1' ],
77 silly audit   'get-intrinsic': [ '1.1.1' ],
77 silly audit   'get-symbol-description': [ '1.0.0' ],
77 silly audit   globby: [ '11.1.0' ],
77 silly audit   has: [ '1.0.3' ],
77 silly audit   'has-bigints': [ '1.0.1' ],
77 silly audit   'has-symbols': [ '1.0.3' ],
77 silly audit   'has-tostringtag': [ '1.0.0' ],
77 silly audit   'hey-listen': [ '1.0.8' ],
77 silly audit   'hoist-non-react-statics': [ '3.3.2' ],
77 silly audit   ignore: [ '5.2.0' ],
77 silly audit   'import-fresh': [ '3.3.0' ],
77 silly audit   imurmurhash: [ '0.1.4' ],
77 silly audit   inflight: [ '1.0.6' ],
77 silly audit   inherits: [ '2.0.4' ],
77 silly audit   'internal-slot': [ '1.0.3' ],
77 silly audit   'is-bigint': [ '1.0.4' ],
77 silly audit   'is-boolean-object': [ '1.1.2' ],
77 silly audit   'is-callable': [ '1.2.4' ],
77 silly audit   'is-core-module': [ '2.8.1' ],
77 silly audit   'is-date-object': [ '1.0.5' ],
77 silly audit   'is-extglob': [ '2.1.1' ],
77 silly audit   'is-glob': [ '4.0.3' ],
77 silly audit   'is-negative-zero': [ '2.0.2' ],
77 silly audit   'is-number': [ '7.0.0' ],
77 silly audit   'is-number-object': [ '1.0.6' ],
77 silly audit   'is-regex': [ '1.1.4' ],
77 silly audit   'is-shared-array-buffer': [ '1.0.1' ],
77 silly audit   'is-string': [ '1.0.7' ],
77 silly audit   'is-symbol': [ '1.0.4' ],
77 silly audit   'is-weakref': [ '1.0.2' ],
77 silly audit   isexe: [ '2.0.0' ],
77 silly audit   'js-tokens': [ '4.0.0' ],
77 silly audit   'js-yaml': [ '4.1.0' ],
77 silly audit   jsesc: [ '2.5.2' ],
77 silly audit   'json-schema-traverse': [ '0.4.1' ],
77 silly audit   'json-stable-stringify-without-jsonify': [ '1.0.1' ],
77 silly audit   json5: [ '1.0.1' ],
77 silly audit   'jsx-ast-utils': [ '3.2.1' ],
77 silly audit   'language-subtag-registry': [ '0.3.21' ],
77 silly audit   'language-tags': [ '1.0.5' ],
77 silly audit   levn: [ '0.4.1' ],
77 silly audit   'locate-path': [ '2.0.0' ],
77 silly audit   lodash: [ '4.17.21' ],
77 silly audit   'lodash.merge': [ '4.6.2' ],
77 silly audit   'loose-envify': [ '1.4.0' ],
77 silly audit   'lru-cache': [ '6.0.0' ],
77 silly audit   merge2: [ '1.4.1' ],
77 silly audit   micromatch: [ '4.0.5' ],
77 silly audit   minimatch: [ '3.1.2' ],
77 silly audit   minimist: [ '1.2.6' ],
77 silly audit   nanoid: [ '3.3.1' ],
77 silly audit   'natural-compare': [ '1.4.0' ],
77 silly audit   next: [ '12.1.0' ],
77 silly audit   'object-assign': [ '4.1.1' ],
77 silly audit   'object-inspect': [ '1.12.0' ],
77 silly audit   'object-keys': [ '1.1.1' ],
77 silly audit   'object.assign': [ '4.1.2' ],
77 silly audit   'object.entries': [ '1.1.5' ],
77 silly audit   'object.fromentries': [ '2.0.5' ],
77 silly audit   'object.hasown': [ '1.1.0' ],
77 silly audit   'object.values': [ '1.1.5' ],
77 silly audit   once: [ '1.4.0' ],
77 silly audit   optionator: [ '0.9.1' ],
77 silly audit   'p-limit': [ '1.3.0' ],
77 silly audit   'p-locate': [ '2.0.0' ],
77 silly audit   'p-try': [ '1.0.0' ],
77 silly audit   'parent-module': [ '1.0.1' ],
77 silly audit   'path-exists': [ '3.0.0' ],
77 silly audit   'path-is-absolute': [ '1.0.1' ],
77 silly audit   'path-key': [ '3.1.1' ],
77 silly audit   'path-parse': [ '1.0.7' ],
77 silly audit   'path-type': [ '4.0.0' ],
77 silly audit   picocolors: [ '1.0.0' ],
77 silly audit   picomatch: [ '2.3.1' ],
77 silly audit   popmotion: [ '11.0.3' ],
77 silly audit   postcss: [ '8.4.5' ],
77 silly audit   'postcss-value-parser': [ '4.2.0' ],
77 silly audit   'prelude-ls': [ '1.2.1' ],
77 silly audit   'prop-types': [ '15.8.1' ],
77 silly audit   punycode: [ '2.1.1' ],
77 silly audit   'queue-microtask': [ '1.2.3' ],
77 silly audit   react: [ '17.0.2' ],
77 silly audit   'react-dom': [ '17.0.2' ],
77 silly audit   'react-icons': [ '4.3.1' ],
77 silly audit   'react-is': [ '16.13.1' ],
77 silly audit   'regenerator-runtime': [ '0.13.9' ],
77 silly audit   'regexp.prototype.flags': [ '1.4.1' ],
77 silly audit   regexpp: [ '3.2.0' ],
77 silly audit   'resolve-from': [ '4.0.0' ],
77 silly audit   reusify: [ '1.0.4' ],
77 silly audit   rimraf: [ '3.0.2' ],
77 silly audit   'run-parallel': [ '1.2.0' ],
77 silly audit   scheduler: [ '0.20.2' ],
77 silly audit   shallowequal: [ '1.1.0' ],
77 silly audit   'shebang-command': [ '2.0.0' ],
77 silly audit   'shebang-regex': [ '3.0.0' ],
77 silly audit   'side-channel': [ '1.0.4' ],
77 silly audit   slash: [ '3.0.0' ],
77 silly audit   'source-map': [ '0.5.7' ],
77 silly audit   'source-map-js': [ '1.0.2' ],
77 silly audit   'string.prototype.matchall': [ '4.0.7' ],
77 silly audit   'string.prototype.trimend': [ '1.0.4' ],
77 silly audit   'string.prototype.trimstart': [ '1.0.4' ],
77 silly audit   'strip-ansi': [ '6.0.1' ],
77 silly audit   'strip-bom': [ '3.0.0' ],
77 silly audit   'strip-json-comments': [ '3.1.1' ],
77 silly audit   'style-value-types': [ '5.0.0' ],
77 silly audit   'styled-components': [ '5.3.5' ],
77 silly audit   'styled-jsx': [ '5.0.0' ],
77 silly audit   'supports-preserve-symlinks-flag': [ '1.0.0' ],
77 silly audit   'text-table': [ '0.2.0' ],
77 silly audit   'to-fast-properties': [ '2.0.0' ],
77 silly audit   'to-regex-range': [ '5.0.1' ],
77 silly audit   'tsconfig-paths': [ '3.14.1' ],
77 silly audit   tsutils: [ '3.21.0' ],
77 silly audit   'type-check': [ '0.4.0' ],
77 silly audit   'type-fest': [ '0.20.2' ],
77 silly audit   typescript: [ '4.6.3' ],
77 silly audit   'unbox-primitive': [ '1.0.1' ],
77 silly audit   'uri-js': [ '4.4.1' ],
77 silly audit   'use-subscription': [ '1.5.1' ],
77 silly audit   'v8-compile-cache': [ '2.3.0' ],
77 silly audit   which: [ '2.0.2' ],
77 silly audit   'which-boxed-primitive': [ '1.0.2' ],
77 silly audit   'word-wrap': [ '1.2.3' ],
77 silly audit   wrappy: [ '1.0.2' ],
77 silly audit   yallist: [ '4.0.0' ],
77 silly audit   '@types/styled-components': [ '5.1.24' ],
77 silly audit   '@types/hoist-non-react-statics': [ '3.3.1' ],
77 silly audit   '@types/react': [ '17.0.43' ],
77 silly audit   csstype: [ '3.0.11' ],
77 silly audit   '@types/prop-types': [ '15.7.4' ],
77 silly audit   '@types/scheduler': [ '0.16.2' ]
77 silly audit }
78 verbose reify failed optional dependency C:\Users\user\Desktop\state\setstate\node_modules\@next\swc-win32-ia32-msvc
79 silly reify mark deleted [
79 silly reify   'C:\\Users\\user\\Desktop\\state\\setstate\\node_modules\\@next\\swc-win32-ia32-msvc'
79 silly reify ]
80 verbose reify failed optional dependency C:\Users\user\Desktop\state\setstate\node_modules\@next\swc-win32-arm64-msvc
81 silly reify mark deleted [
81 silly reify   'C:\\Users\\user\\Desktop\\state\\setstate\\node_modules\\@next\\swc-win32-arm64-msvc'
81 silly reify ]
82 verbose reify failed optional dependency C:\Users\user\Desktop\state\setstate\node_modules\@next\swc-linux-x64-musl
83 silly reify mark deleted [
83 silly reify   'C:\\Users\\user\\Desktop\\state\\setstate\\node_modules\\@next\\swc-linux-x64-musl'
83 silly reify ]
84 verbose reify failed optional dependency C:\Users\user\Desktop\state\setstate\node_modules\@next\swc-linux-x64-gnu
85 silly reify mark deleted [
85 silly reify   'C:\\Users\\user\\Desktop\\state\\setstate\\node_modules\\@next\\swc-linux-x64-gnu'
85 silly reify ]
86 verbose reify failed optional dependency C:\Users\user\Desktop\state\setstate\node_modules\@next\swc-linux-arm64-musl
87 silly reify mark deleted [
87 silly reify   'C:\\Users\\user\\Desktop\\state\\setstate\\node_modules\\@next\\swc-linux-arm64-musl'
87 silly reify ]
88 verbose reify failed optional dependency C:\Users\user\Desktop\state\setstate\node_modules\@next\swc-linux-arm64-gnu
89 silly reify mark deleted [
89 silly reify   'C:\\Users\\user\\Desktop\\state\\setstate\\node_modules\\@next\\swc-linux-arm64-gnu'
89 silly reify ]
90 verbose reify failed optional dependency C:\Users\user\Desktop\state\setstate\node_modules\@next\swc-linux-arm-gnueabihf
91 silly reify mark deleted [
91 silly reify   'C:\\Users\\user\\Desktop\\state\\setstate\\node_modules\\@next\\swc-linux-arm-gnueabihf'
91 silly reify ]
92 verbose reify failed optional dependency C:\Users\user\Desktop\state\setstate\node_modules\@next\swc-darwin-x64
93 silly reify mark deleted [
93 silly reify   'C:\\Users\\user\\Desktop\\state\\setstate\\node_modules\\@next\\swc-darwin-x64'
93 silly reify ]
94 verbose reify failed optional dependency C:\Users\user\Desktop\state\setstate\node_modules\@next\swc-darwin-arm64
95 silly reify mark deleted [
95 silly reify   'C:\\Users\\user\\Desktop\\state\\setstate\\node_modules\\@next\\swc-darwin-arm64'
95 silly reify ]
96 verbose reify failed optional dependency C:\Users\user\Desktop\state\setstate\node_modules\@next\swc-android-arm64
97 silly reify mark deleted [
97 silly reify   'C:\\Users\\user\\Desktop\\state\\setstate\\node_modules\\@next\\swc-android-arm64'
97 silly reify ]
98 timing reifyNode:node_modules/@next/swc-win32-ia32-msvc Completed in 12ms
99 timing reifyNode:node_modules/@next/swc-win32-arm64-msvc Completed in 12ms
100 timing reifyNode:node_modules/@next/swc-linux-x64-musl Completed in 11ms
101 timing reifyNode:node_modules/@next/swc-linux-x64-gnu Completed in 11ms
102 timing reifyNode:node_modules/@next/swc-linux-arm64-musl Completed in 11ms
103 timing reifyNode:node_modules/@next/swc-linux-arm64-gnu Completed in 11ms
104 timing reifyNode:node_modules/@next/swc-linux-arm-gnueabihf Completed in 11ms
105 timing reifyNode:node_modules/@next/swc-darwin-x64 Completed in 11ms
106 timing reifyNode:node_modules/@next/swc-darwin-arm64 Completed in 11ms
107 timing reifyNode:node_modules/@next/swc-android-arm64 Completed in 11ms
108 silly tarball no local data for @types/scheduler@https://registry.npmjs.org/@types/scheduler/-/scheduler-0.16.2.tgz. Extracting by manifest.
109 silly tarball no local data for @types/prop-types@https://registry.npmjs.org/@types/prop-types/-/prop-types-15.7.4.tgz. Extracting by manifest.
110 silly tarball no local data for csstype@https://registry.npmjs.org/csstype/-/csstype-3.0.11.tgz. Extracting by manifest.
111 silly tarball no local data for @types/react@https://registry.npmjs.org/@types/react/-/react-17.0.43.tgz. Extracting by manifest.
112 silly tarball no local data for @types/hoist-non-react-statics@https://registry.npmjs.org/@types/hoist-non-react-statics/-/hoist-non-react-statics-3.3.1.tgz. Extracting by manifest.
113 silly tarball no local data for @types/styled-components@https://registry.npmjs.org/@types/styled-components/-/styled-components-5.1.24.tgz. Extracting by manifest.
114 http fetch GET 200 https://registry.npmjs.org/@types/scheduler/-/scheduler-0.16.2.tgz 160ms (cache miss)
115 timing reifyNode:node_modules/@types/scheduler Completed in 197ms
116 http fetch GET 200 https://registry.npmjs.org/@types/prop-types/-/prop-types-15.7.4.tgz 171ms (cache miss)
117 timing reifyNode:node_modules/@types/prop-types Completed in 204ms
118 http fetch POST 200 https://registry.npmjs.org/-/npm/v1/security/advisories/bulk 222ms
119 timing auditReport:getReport Completed in 244ms
120 silly audit report {}
121 timing auditReport:init Completed in 0ms
122 timing reify:audit Completed in 247ms
123 http fetch GET 200 https://registry.npmjs.org/@types/hoist-non-react-statics/-/hoist-non-react-statics-3.3.1.tgz 271ms (cache miss)
124 timing reifyNode:node_modules/@types/hoist-non-react-statics Completed in 316ms
125 http fetch GET 200 https://registry.npmjs.org/csstype/-/csstype-3.0.11.tgz 372ms (cache miss)
126 timing reifyNode:node_modules/csstype Completed in 410ms
127 http fetch GET 200 https://registry.npmjs.org/@types/react/-/react-17.0.43.tgz 383ms (cache miss)
128 timing reifyNode:node_modules/@types/react Completed in 423ms
129 http fetch GET 200 https://registry.npmjs.org/@types/styled-components/-/styled-components-5.1.24.tgz 692ms (cache miss)
130 timing reifyNode:node_modules/@types/styled-components Completed in 744ms
131 timing reify:unpack Completed in 745ms
132 timing reify:unretire Completed in 0ms
133 timing build:queue Completed in 2ms
134 timing build:deps Completed in 3ms
135 timing build Completed in 3ms
136 timing reify:build Completed in 4ms
137 timing reify:trash Completed in 5ms
138 timing reify:save Completed in 84ms
139 timing reify Completed in 5323ms
140 silly ADD node_modules/@types/scheduler
141 silly ADD node_modules/@types/prop-types
142 silly ADD node_modules/csstype
143 silly ADD node_modules/@types/react
144 silly ADD node_modules/@types/hoist-non-react-statics
145 silly ADD node_modules/@types/styled-components
146 silly ADD
147 silly ADD
148 silly ADD
149 silly ADD
150 silly ADD
151 silly ADD
152 silly ADD
153 silly ADD
154 silly ADD
155 silly ADD
156 timing command:i Completed in 5346ms
157 verbose exit 0
158 timing npm Completed in 5729ms
159 info ok
